#
# There is insufficient memory for the Java Runtime Environment to continue.
# Native memory allocation (malloc) failed to allocate 32744 bytes for ChunkPool::allocate
# Possible reasons:
#   The system is out of physical RAM or swap space
#   The process is running with CompressedOops enabled, and the Java Heap may be blocking the growth of the native heap
# Possible solutions:
#   Reduce memory load on the system
#   Increase physical memory or swap space
#   Check if swap backing store is full
#   Decrease Java heap size (-Xmx/-Xms)
#   Decrease number of Java threads
#   Decrease Java thread stack sizes (-Xss)
#   Set larger code cache with -XX:ReservedCodeCacheSize=
#   JVM is running with Unscaled Compressed Oops mode in which the Java heap is
#     placed in the first 4GB address space. The Java Heap base address is the
#     maximum limit for the native heap growth. Please use -XX:HeapBaseMinAddress
#     to set the Java Heap base and to place the Java Heap above 4GB virtual address.
# This output file may be truncated or incomplete.
#
#  Out of Memory Error (allocation.cpp:272), pid=18644, tid=0x0000000000003530
#
# JRE version: OpenJDK Runtime Environment (8.0_202-b03) (build 1.8.0_202-release-1483-b03)
# Java VM: OpenJDK 64-Bit Server VM (25.202-b03 mixed mode windows-amd64 compressed oops)
# Failed to write core dump. Minidumps are not enabled by default on client versions of Windows
#

---------------  T H R E A D  ---------------

Current thread (0x000000001563b800):  JavaThread "C1 CompilerThread1" daemon [_thread_in_native, id=13616, stack(0x0000000016750000,0x0000000016850000)]

Stack: [0x0000000016750000,0x0000000016850000]
[error occurred during error reporting (printing stack bounds), id 0xc0000005]

Native frames: (J=compiled Java code, j=interpreted, Vv=VM code, C=native code)


Current CompileTask:
C1:  40253 6007   !   3       org.jetbrains.kotlin.metadata.ProtoBuf$Constructor::<init> (520 bytes)


---------------  P R O C E S S  ---------------

Java Threads: ( => current thread )
  0x00000000156ab000 JavaThread "Service Thread" daemon [_thread_blocked, id=16908, stack(0x0000000016850000,0x0000000016950000)]
=>0x000000001563b800 JavaThread "C1 CompilerThread1" daemon [_thread_in_native, id=13616, stack(0x0000000016750000,0x0000000016850000)]
  0x0000000015639800 JavaThread "C2 CompilerThread0" daemon [_thread_in_native, id=144, stack(0x0000000016650000,0x0000000016750000)]
  0x0000000015637800 JavaThread "Attach Listener" daemon [_thread_blocked, id=17040, stack(0x0000000016550000,0x0000000016650000)]
  0x0000000015632800 JavaThread "Signal Dispatcher" daemon [_thread_blocked, id=11160, stack(0x0000000016450000,0x0000000016550000)]
  0x000000001561e000 JavaThread "Finalizer" daemon [_thread_blocked, id=11544, stack(0x0000000016260000,0x0000000016360000)]
  0x0000000003269000 JavaThread "Reference Handler" daemon [_thread_blocked, id=19136, stack(0x0000000016160000,0x0000000016260000)]
  0x000000000306e000 JavaThread "main" [_thread_in_vm, id=1332, stack(0x0000000003070000,0x0000000003170000)]

Other Threads:
  0x00000000155f4800 VMThread [stack: 0x0000000016060000,0x0000000016160000] [id=6532]
  0x00000000156b0000 WatcherThread [stack: 0x0000000016950000,0x0000000016a50000] [id=18908]

VM state:not at safepoint (normal execution)

VM Mutex/Monitor currently owned by a thread: None

heap address: 0x00000000c1600000, size: 1002 MB, Compressed Oops mode: 32-bit
Narrow klass base: 0x0000000000000000, Narrow klass shift: 3
Compressed class space size: 1073741824 Address: 0x0000000100000000

Heap:
 PSYoungGen      total 82944K, used 50193K [0x00000000eb200000, 0x00000000f1c00000, 0x0000000100000000)
  eden space 66560K, 50% used [0x00000000eb200000,0x00000000ed305538,0x00000000ef300000)
  from space 16384K, 99% used [0x00000000f0600000,0x00000000f15ff1f0,0x00000000f1600000)
  to   space 19456K, 0% used [0x00000000ef300000,0x00000000ef300000,0x00000000f0600000)
 ParOldGen       total 71680K, used 22502K [0x00000000c1600000, 0x00000000c5c00000, 0x00000000eb200000)
  object space 71680K, 31% used [0x00000000c1600000,0x00000000c2bf9920,0x00000000c5c00000)
 Metaspace       used 44125K, capacity 44867K, committed 45224K, reserved 1089536K
  class space    used 5316K, capacity 5522K, committed 5552K, reserved 1048576K

Card table byte_map: [0x0000000012630000,0x0000000012830000] byte_map_base: 0x0000000012025000

Marking Bits: (ParMarkBitMap*) 0x0000000071cf9f30
 Begin Bits: [0x0000000012b80000, 0x0000000013b28000)
 End Bits:   [0x0000000013b28000, 0x0000000014ad0000)

Polling page: 0x00000000015e0000

CodeCache: size=245760Kb used=18085Kb max_used=18085Kb free=227674Kb
 bounds [0x0000000003270000, 0x0000000004430000, 0x0000000012270000]
 total_blobs=6012 nmethods=5554 adapters=371
 compilation: enabled

Compilation events (10 events):
Event: 40.170 Thread 0x000000001563b800 nmethod 6002 0x0000000004426a50 code [0x0000000004426ba0, 0x0000000004426cb0]
Event: 40.170 Thread 0x000000001563b800 6003       1       org.jetbrains.kotlin.resolve.calls.tower.TowerData$TowerLevel::getLevel (5 bytes)
Event: 40.170 Thread 0x000000001563b800 nmethod 6003 0x0000000004426d10 code [0x0000000004426e60, 0x0000000004426f70]
Event: 40.181 Thread 0x000000001563b800 6004       3       org.jetbrains.kotlin.serialization.deserialization.descriptors.DeserializedMemberScope::getContributedClassifier (65 bytes)
Event: 40.182 Thread 0x000000001563b800 nmethod 6004 0x0000000004426fd0 code [0x0000000004427220, 0x0000000004427f48]
Event: 40.216 Thread 0x000000001563b800 6005       3       org.jetbrains.kotlin.load.java.components.DescriptorResolverUtils::isObjectMethod (65 bytes)
Event: 40.217 Thread 0x000000001563b800 nmethod 6005 0x0000000004428490 code [0x0000000004428680, 0x0000000004428ee8]
Event: 40.226 Thread 0x000000001563b800 6006       3       org.jetbrains.kotlin.protobuf.GeneratedMessageLite$ExtendableMessage::verifyExtensionContainingType (22 bytes)
Event: 40.227 Thread 0x000000001563b800 nmethod 6006 0x0000000004429150 code [0x00000000044292e0, 0x0000000004429618]
Event: 40.231 Thread 0x000000001563b800 6007   !   3       org.jetbrains.kotlin.metadata.ProtoBuf$Constructor::<init> (520 bytes)

GC Heap History (10 events):
Event: 17.239 GC heap before
{Heap before GC invocations=8 (full 1):
 PSYoungGen      total 51200K, used 51192K [0x00000000eb200000, 0x00000000f0100000, 0x0000000100000000)
  eden space 44032K, 100% used [0x00000000eb200000,0x00000000edd00000,0x00000000edd00000)
  from space 7168K, 99% used [0x00000000efa00000,0x00000000f00fe060,0x00000000f0100000)
  to   space 8704K, 0% used [0x00000000ef000000,0x00000000ef000000,0x00000000ef880000)
 ParOldGen       total 45056K, used 12830K [0x00000000c1600000, 0x00000000c4200000, 0x00000000eb200000)
  object space 45056K, 28% used [0x00000000c1600000,0x00000000c2287930,0x00000000c4200000)
 Metaspace       used 31564K, capacity 32045K, committed 32432K, reserved 1077248K
  class space    used 3992K, capacity 4148K, committed 4272K, reserved 1048576K
Event: 17.290 GC heap after
Heap after GC invocations=8 (full 1):
 PSYoungGen      total 69120K, used 8674K [0x00000000eb200000, 0x00000000f0800000, 0x0000000100000000)
  eden space 60416K, 0% used [0x00000000eb200000,0x00000000eb200000,0x00000000eed00000)
  from space 8704K, 99% used [0x00000000ef000000,0x00000000ef878918,0x00000000ef880000)
  to   space 13824K, 0% used [0x00000000efa80000,0x00000000efa80000,0x00000000f0800000)
 ParOldGen       total 45056K, used 21223K [0x00000000c1600000, 0x00000000c4200000, 0x00000000eb200000)
  object space 45056K, 47% used [0x00000000c1600000,0x00000000c2ab9fe8,0x00000000c4200000)
 Metaspace       used 31564K, capacity 32045K, committed 32432K, reserved 1077248K
  class space    used 3992K, capacity 4148K, committed 4272K, reserved 1048576K
}
Event: 24.216 GC heap before
{Heap before GC invocations=9 (full 1):
 PSYoungGen      total 69120K, used 28511K [0x00000000eb200000, 0x00000000f0800000, 0x0000000100000000)
  eden space 60416K, 32% used [0x00000000eb200000,0x00000000ec55f6e0,0x00000000eed00000)
  from space 8704K, 99% used [0x00000000ef000000,0x00000000ef878918,0x00000000ef880000)
  to   space 13824K, 0% used [0x00000000efa80000,0x00000000efa80000,0x00000000f0800000)
 ParOldGen       total 45056K, used 21223K [0x00000000c1600000, 0x00000000c4200000, 0x00000000eb200000)
  object space 45056K, 47% used [0x00000000c1600000,0x00000000c2ab9fe8,0x00000000c4200000)
 Metaspace       used 34848K, capacity 35287K, committed 35496K, reserved 1081344K
  class space    used 4381K, capacity 4514K, committed 4528K, reserved 1048576K
Event: 24.253 GC heap after
Heap after GC invocations=9 (full 1):
 PSYoungGen      total 72192K, used 13665K [0x00000000eb200000, 0x00000000f1f80000, 0x0000000100000000)
  eden space 58368K, 0% used [0x00000000eb200000,0x00000000eb200000,0x00000000eeb00000)
  from space 13824K, 98% used [0x00000000efa80000,0x00000000f07d8610,0x00000000f0800000)
  to   space 15872K, 0% used [0x00000000eeb00000,0x00000000eeb00000,0x00000000efa80000)
 ParOldGen       total 45056K, used 21231K [0x00000000c1600000, 0x00000000c4200000, 0x00000000eb200000)
  object space 45056K, 47% used [0x00000000c1600000,0x00000000c2abbfe8,0x00000000c4200000)
 Metaspace       used 34848K, capacity 35287K, committed 35496K, reserved 1081344K
  class space    used 4381K, capacity 4514K, committed 4528K, reserved 1048576K
}
Event: 24.253 GC heap before
{Heap before GC invocations=10 (full 2):
 PSYoungGen      total 72192K, used 13665K [0x00000000eb200000, 0x00000000f1f80000, 0x0000000100000000)
  eden space 58368K, 0% used [0x00000000eb200000,0x00000000eb200000,0x00000000eeb00000)
  from space 13824K, 98% used [0x00000000efa80000,0x00000000f07d8610,0x00000000f0800000)
  to   space 15872K, 0% used [0x00000000eeb00000,0x00000000eeb00000,0x00000000efa80000)
 ParOldGen       total 45056K, used 21231K [0x00000000c1600000, 0x00000000c4200000, 0x00000000eb200000)
  object space 45056K, 47% used [0x00000000c1600000,0x00000000c2abbfe8,0x00000000c4200000)
 Metaspace       used 34848K, capacity 35287K, committed 35496K, reserved 1081344K
  class space    used 4381K, capacity 4514K, committed 4528K, reserved 1048576K
Event: 24.562 GC heap after
Heap after GC invocations=10 (full 2):
 PSYoungGen      total 72192K, used 0K [0x00000000eb200000, 0x00000000f1f80000, 0x0000000100000000)
  eden space 58368K, 0% used [0x00000000eb200000,0x00000000eb200000,0x00000000eeb00000)
  from space 13824K, 0% used [0x00000000efa80000,0x00000000efa80000,0x00000000f0800000)
  to   space 15872K, 0% used [0x00000000eeb00000,0x00000000eeb00000,0x00000000efa80000)
 ParOldGen       total 71680K, used 18880K [0x00000000c1600000, 0x00000000c5c00000, 0x00000000eb200000)
  object space 71680K, 26% used [0x00000000c1600000,0x00000000c28702f0,0x00000000c5c00000)
 Metaspace       used 34848K, capacity 35287K, committed 35496K, reserved 1081344K
  class space    used 4381K, capacity 4514K, committed 4528K, reserved 1048576K
}
Event: 29.274 GC heap before
{Heap before GC invocations=11 (full 2):
 PSYoungGen      total 72192K, used 58368K [0x00000000eb200000, 0x00000000f1f80000, 0x0000000100000000)
  eden space 58368K, 100% used [0x00000000eb200000,0x00000000eeb00000,0x00000000eeb00000)
  from space 13824K, 0% used [0x00000000efa80000,0x00000000efa80000,0x00000000f0800000)
  to   space 15872K, 0% used [0x00000000eeb00000,0x00000000eeb00000,0x00000000efa80000)
 ParOldGen       total 71680K, used 18880K [0x00000000c1600000, 0x00000000c5c00000, 0x00000000eb200000)
  object space 71680K, 26% used [0x00000000c1600000,0x00000000c28702f0,0x00000000c5c00000)
 Metaspace       used 39411K, capacity 40047K, committed 40488K, reserved 1085440K
  class space    used 4906K, capacity 5070K, committed 5168K, reserved 1048576K
Event: 29.296 GC heap after
Heap after GC invocations=11 (full 2):
 PSYoungGen      total 74240K, used 10768K [0x00000000eb200000, 0x00000000f1600000, 0x0000000100000000)
  eden space 58368K, 0% used [0x00000000eb200000,0x00000000eb200000,0x00000000eeb00000)
  from space 15872K, 67% used [0x00000000eeb00000,0x00000000ef584240,0x00000000efa80000)
  to   space 16384K, 0% used [0x00000000f0600000,0x00000000f0600000,0x00000000f1600000)
 ParOldGen       total 71680K, used 18888K [0x00000000c1600000, 0x00000000c5c00000, 0x00000000eb200000)
  object space 71680K, 26% used [0x00000000c1600000,0x00000000c28722f0,0x00000000c5c00000)
 Metaspace       used 39411K, capacity 40047K, committed 40488K, reserved 1085440K
  class space    used 4906K, capacity 5070K, committed 5168K, reserved 1048576K
}
Event: 37.572 GC heap before
{Heap before GC invocations=12 (full 2):
 PSYoungGen      total 74240K, used 69136K [0x00000000eb200000, 0x00000000f1600000, 0x0000000100000000)
  eden space 58368K, 100% used [0x00000000eb200000,0x00000000eeb00000,0x00000000eeb00000)
  from space 15872K, 67% used [0x00000000eeb00000,0x00000000ef584240,0x00000000efa80000)
  to   space 16384K, 0% used [0x00000000f0600000,0x00000000f0600000,0x00000000f1600000)
 ParOldGen       total 71680K, used 18888K [0x00000000c1600000, 0x00000000c5c00000, 0x00000000eb200000)
  object space 71680K, 26% used [0x00000000c1600000,0x00000000c28722f0,0x00000000c5c00000)
 Metaspace       used 43689K, capacity 44453K, committed 44712K, reserved 1089536K
  class space    used 5274K, capacity 5453K, committed 5552K, reserved 1048576K
Event: 37.628 GC heap after
Heap after GC invocations=12 (full 2):
 PSYoungGen      total 82944K, used 16380K [0x00000000eb200000, 0x00000000f1c00000, 0x0000000100000000)
  eden space 66560K, 0% used [0x00000000eb200000,0x00000000eb200000,0x00000000ef300000)
  from space 16384K, 99% used [0x00000000f0600000,0x00000000f15ff1f0,0x00000000f1600000)
  to   space 19456K, 0% used [0x00000000ef300000,0x00000000ef300000,0x00000000f0600000)
 ParOldGen       total 71680K, used 22502K [0x00000000c1600000, 0x00000000c5c00000, 0x00000000eb200000)
  object space 71680K, 31% used [0x00000000c1600000,0x00000000c2bf9920,0x00000000c5c00000)
 Metaspace       used 43689K, capacity 44453K, committed 44712K, reserved 1089536K
  class space    used 5274K, capacity 5453K, committed 5552K, reserved 1048576K
}

Deoptimization events (10 events):
Event: 37.308 Thread 0x000000000306e000 Uncommon trap: reason=unstable_if action=reinterpret pc=0x000000000352cfc0 method=org.jetbrains.kotlin.util.Checks.isApplicable(Lorg/jetbrains/kotlin/descriptors/FunctionDescriptor;)Z @ 28
Event: 37.308 Thread 0x000000000306e000 Uncommon trap: reason=unstable_if action=reinterpret pc=0x00000000042bc0a8 method=org.jetbrains.kotlin.util.AbstractModifierChecks.check(Lorg/jetbrains/kotlin/descriptors/FunctionDescriptor;)Lorg/jetbrains/kotlin/util/CheckResult; @ 40
Event: 37.359 Thread 0x000000000306e000 Uncommon trap: reason=unstable_if action=reinterpret pc=0x00000000042c8abc method=org.jetbrains.kotlin.load.java.structure.impl.classFiles.BinaryJavaClass.visitMethod(ILjava/lang/String;Ljava/lang/String;Ljava/lang/String;[Ljava/lang/String;)Lorg/jetbrain
Event: 39.332 Thread 0x000000000306e000 Uncommon trap: reason=unstable_if action=reinterpret pc=0x0000000003a8b874 method=org.jetbrains.kotlin.types.TypeSubstitutor.substitute(Lorg/jetbrains/kotlin/types/TypeProjection;)Lorg/jetbrains/kotlin/types/TypeProjection; @ 32
Event: 39.446 Thread 0x000000000306e000 Uncommon trap: reason=bimorphic action=maybe_recompile pc=0x00000000043c0f20 method=org.jetbrains.kotlin.resolve.OverridingUtil.findMaxVisibility(Ljava/util/Collection;)Lorg/jetbrains/kotlin/descriptors/Visibility; @ 51
Event: 39.460 Thread 0x000000000306e000 Uncommon trap: reason=bimorphic action=maybe_recompile pc=0x00000000043c0f20 method=org.jetbrains.kotlin.resolve.OverridingUtil.findMaxVisibility(Ljava/util/Collection;)Lorg/jetbrains/kotlin/descriptors/Visibility; @ 51
Event: 39.629 Thread 0x000000000306e000 Uncommon trap: reason=bimorphic action=maybe_recompile pc=0x00000000043c0f20 method=org.jetbrains.kotlin.resolve.OverridingUtil.findMaxVisibility(Ljava/util/Collection;)Lorg/jetbrains/kotlin/descriptors/Visibility; @ 51
Event: 39.657 Thread 0x000000000306e000 Uncommon trap: reason=bimorphic action=maybe_recompile pc=0x00000000043c0f20 method=org.jetbrains.kotlin.resolve.OverridingUtil.findMaxVisibility(Ljava/util/Collection;)Lorg/jetbrains/kotlin/descriptors/Visibility; @ 51
Event: 40.129 Thread 0x000000000306e000 Uncommon trap: reason=unstable_if action=reinterpret pc=0x00000000043aac54 method=org.jetbrains.kotlin.descriptors.Visibilities.findInvisibleMember(Lorg/jetbrains/kotlin/resolve/scopes/receivers/ReceiverValue;Lorg/jetbrains/kotlin/descriptors/DeclarationD
Event: 40.178 Thread 0x000000000306e000 Uncommon trap: reason=unstable_if action=reinterpret pc=0x0000000004059f24 method=org.jetbrains.kotlin.serialization.deserialization.descriptors.DeserializedPackageMemberScope.hasClass(Lorg/jetbrains/kotlin/name/Name;)Z @ 99

Classes redefined (0 events):
No events

Internal exceptions (10 events):
Event: 4.978 Thread 0x000000000306e000 Exception <a 'java/lang/NoSuchMethodError': java.lang.Object.lambda$static$0(I)[Lorg/jetbrains/kotlin/com/intellij/openapi/editor/event/DocumentListener;> (0x00000000ebc86e60) thrown at [D:\src\AOSP-openjdk-cygwin\jdk8u\hotspot\src\share\vm\interpreter\li
Event: 5.360 Thread 0x000000000306e000 Exception <a 'java/lang/NoSuchMethodError': java.lang.Object.lambda$static$0(I)[Lorg/jetbrains/kotlin/com/intellij/psi/PsiAnnotation;> (0x00000000ebe91400) thrown at [D:\src\AOSP-openjdk-cygwin\jdk8u\hotspot\src\share\vm\interpreter\linkResolver.cpp, line
Event: 5.650 Thread 0x000000000306e000 Exception <a 'java/lang/NoSuchMethodError': java.lang.Object.lambda$static$0(I)[Lorg/jetbrains/kotlin/com/intellij/psi/PsiElement;> (0x00000000ec3d9728) thrown at [D:\src\AOSP-openjdk-cygwin\jdk8u\hotspot\src\share\vm\interpreter\linkResolver.cpp, line 62
Event: 15.661 Thread 0x000000000306e000 Exception <a 'java/lang/ArrayIndexOutOfBoundsException': 126> (0x00000000ec1b8838) thrown at [D:\src\AOSP-openjdk-cygwin\jdk8u\hotspot\src\share\vm\interpreter\interpreterRuntime.cpp, line 368]
Event: 15.663 Thread 0x000000000306e000 Exception <a 'java/lang/ArrayIndexOutOfBoundsException': 86> (0x00000000ec1b9cc0) thrown at [D:\src\AOSP-openjdk-cygwin\jdk8u\hotspot\src\share\vm\interpreter\interpreterRuntime.cpp, line 368]
Event: 21.931 Thread 0x000000000306e000 Exception <a 'java/lang/NoSuchMethodError': java.lang.Object.lambda$static$0(I)[Lorg/jetbrains/kotlin/psi/KtExpression;> (0x00000000ebf61b10) thrown at [D:\src\AOSP-openjdk-cygwin\jdk8u\hotspot\src\share\vm\interpreter\linkResolver.cpp, line 620]
Event: 24.940 Thread 0x000000000306e000 Exception <a 'java/lang/NoSuchMethodError': java.lang.Object.lambda$static$0(I)[Lorg/jetbrains/kotlin/psi/KtDeclaration;> (0x00000000eb372f08) thrown at [D:\src\AOSP-openjdk-cygwin\jdk8u\hotspot\src\share\vm\interpreter\linkResolver.cpp, line 620]
Event: 25.109 Thread 0x000000000306e000 Exception <a 'java/lang/NoSuchMethodError': java.lang.Object.lambda$static$0(I)[Lorg/jetbrains/kotlin/psi/KtTypeElement;> (0x00000000eb515b60) thrown at [D:\src\AOSP-openjdk-cygwin\jdk8u\hotspot\src\share\vm\interpreter\linkResolver.cpp, line 620]
Event: 28.004 Thread 0x000000000306e000 Exception <a 'java/lang/NoSuchMethodError': java.lang.Object.lambda$static$0(I)[Lorg/jetbrains/kotlin/com/intellij/psi/PsiClass;> (0x00000000edb3fef8) thrown at [D:\src\AOSP-openjdk-cygwin\jdk8u\hotspot\src\share\vm\interpreter\linkResolver.cpp, line 620]
Event: 33.133 Thread 0x000000000306e000 Implicit null exception at 0x0000000003af7d0c to 0x0000000003af7de9

Events (10 events):
Event: 40.224 loading class org/jetbrains/kotlin/util/CheckResult$SuccessCheck
Event: 40.224 loading class org/jetbrains/kotlin/util/CheckResult$SuccessCheck done
Event: 40.227 loading class org/jetbrains/kotlin/descriptors/deserialization/PlatformDependentDeclarationFilterKt
Event: 40.227 loading class org/jetbrains/kotlin/descriptors/deserialization/PlatformDependentDeclarationFilterKt done
Event: 40.228 loading class org/jetbrains/kotlin/builtins/jvm/FallbackBuiltIns
Event: 40.228 loading class org/jetbrains/kotlin/builtins/jvm/FallbackBuiltIns done
Event: 40.228 loading class org/jetbrains/kotlin/builtins/jvm/FallbackBuiltIns$Companion
Event: 40.228 loading class org/jetbrains/kotlin/builtins/jvm/FallbackBuiltIns$Companion done
Event: 40.229 loading class org/jetbrains/kotlin/descriptors/deserialization/PlatformDependentDeclarationFilter$All
Event: 40.229 loading class org/jetbrains/kotlin/descriptors/deserialization/PlatformDependentDeclarationFilter$All done


Dynamic libraries:
0x00007ff7d79f0000 - 0x00007ff7d7a21000 	C:\Program Files\Java\jdk-8\jre\bin\java.exe
0x00007ff83dd50000 - 0x00007ff83df21000 	C:\WINDOWS\SYSTEM32\ntdll.dll
0x00007ff83d0f0000 - 0x00007ff83d19b000 	C:\WINDOWS\System32\KERNEL32.DLL
0x00007ff83af90000 - 0x00007ff83b1ad000 	C:\WINDOWS\System32\KERNELBASE.dll
0x00007ff83cbb0000 - 0x00007ff83cc52000 	C:\WINDOWS\System32\ADVAPI32.dll
0x00007ff83c960000 - 0x00007ff83c9fe000 	C:\WINDOWS\System32\msvcrt.dll
0x00007ff83d090000 - 0x00007ff83d0e9000 	C:\WINDOWS\System32\sechost.dll
0x00007ff83dc20000 - 0x00007ff83dd41000 	C:\WINDOWS\System32\RPCRT4.dll
0x00007ff83ccd0000 - 0x00007ff83ce35000 	C:\WINDOWS\System32\USER32.dll
0x00007ff83ae70000 - 0x00007ff83ae8e000 	C:\WINDOWS\System32\win32u.dll
0x00007ff83d470000 - 0x00007ff83d4a4000 	C:\WINDOWS\System32\GDI32.dll
0x00007ff83ab10000 - 0x00007ff83ac92000 	C:\WINDOWS\System32\gdi32full.dll
0x00007ff836d40000 - 0x00007ff836fb9000 	C:\WINDOWS\WinSxS\amd64_microsoft.windows.common-controls_6595b64144ccf1df_6.0.14393.0_none_2d0f50fcbdb171b8\COMCTL32.dll
0x00007ff83d1a0000 - 0x00007ff83d467000 	C:\WINDOWS\System32\combase.dll
0x00007ff83ae90000 - 0x00007ff83af85000 	C:\WINDOWS\System32\ucrtbase.dll
0x00007ff83aaa0000 - 0x00007ff83ab0a000 	C:\WINDOWS\System32\bcryptPrimitives.dll
0x00007ff83c8d0000 - 0x00007ff83c8fe000 	C:\WINDOWS\System32\IMM32.DLL
0x0000000071d80000 - 0x0000000071e52000 	C:\Program Files\Java\jdk-8\jre\bin\msvcr100.dll
0x0000000071530000 - 0x0000000071d76000 	C:\Program Files\Java\jdk-8\jre\bin\server\jvm.dll
0x00007ff83ce40000 - 0x00007ff83ce48000 	C:\WINDOWS\System32\PSAPI.DLL
0x00007ff82b0e0000 - 0x00007ff82b0e9000 	C:\WINDOWS\SYSTEM32\WSOCK32.dll
0x00007ff838770000 - 0x00007ff838793000 	C:\WINDOWS\SYSTEM32\WINMM.dll
0x00007ff83ca00000 - 0x00007ff83ca6a000 	C:\WINDOWS\System32\WS2_32.dll
0x00007ff8321d0000 - 0x00007ff8321da000 	C:\WINDOWS\SYSTEM32\VERSION.dll
0x00007ff838710000 - 0x00007ff83873b000 	C:\WINDOWS\SYSTEM32\WINMMBASE.dll
0x00007ff83a9a0000 - 0x00007ff83a9e2000 	C:\WINDOWS\System32\cfgmgr32.dll
0x00007ff837620000 - 0x00007ff83762f000 	C:\Program Files\Java\jdk-8\jre\bin\verify.dll
0x00007ff818e10000 - 0x00007ff818e39000 	C:\Program Files\Java\jdk-8\jre\bin\java.dll
0x00007ff834ec0000 - 0x00007ff834ed6000 	C:\Program Files\Java\jdk-8\jre\bin\zip.dll
0x00007ff83b3c0000 - 0x00007ff83c8c8000 	C:\WINDOWS\System32\SHELL32.dll
0x00007ff83a2c0000 - 0x00007ff83a99a000 	C:\WINDOWS\System32\windows.storage.dll
0x00007ff83a260000 - 0x00007ff83a2ac000 	C:\WINDOWS\System32\powrprof.dll
0x00007ff83d680000 - 0x00007ff83d6d2000 	C:\WINDOWS\System32\shlwapi.dll
0x00007ff83a250000 - 0x00007ff83a25f000 	C:\WINDOWS\System32\kernel.appcore.dll
0x00007ff83a9f0000 - 0x00007ff83aa99000 	C:\WINDOWS\System32\shcore.dll
0x00007ff83a230000 - 0x00007ff83a244000 	C:\WINDOWS\System32\profapi.dll
0x00007ff8348a0000 - 0x00007ff8348ba000 	C:\Program Files\Java\jdk-8\jre\bin\net.dll
0x00007ff839b00000 - 0x00007ff839b5c000 	C:\WINDOWS\system32\mswsock.dll
0x00007ff832200000 - 0x00007ff832211000 	C:\Program Files\Java\jdk-8\jre\bin\nio.dll

VM Arguments:
java_command: org.jetbrains.kotlin.cli.jvm.K2JVMCompiler -Xallow-no-source-files -classpath E:\Data\Dicoding\Fundamental Android\GithubUserAppFinal\app\build\intermediates\compile_and_runtime_not_namespaced_r_class_jar\debug\R.jar;C:\Users\Vidi Fitriansyah H\.gradle\caches\transforms-2\files-2.1\54eb052f7d6a37df99ee1d16a69605ef\jetified-kotlin-android-extensions-runtime-1.3.61.jar;C:\Users\Vidi Fitriansyah H\.gradle\caches\transforms-2\files-2.1\c4d85d27200353a0bda56fcbf26cb4ce\jetified-kotlin-stdlib-jdk7-1.3.61.jar;C:\Users\Vidi Fitriansyah H\.gradle\caches\transforms-2\files-2.1\bcbddf1772ea2f6eb117f26a4d4e1008\jetified-core-ktx-1.3.2-api.jar;C:\Users\Vidi Fitriansyah H\.gradle\caches\transforms-2\files-2.1\87ca9614922a245244174d6119c1ee89\jetified-kotlinx-coroutines-android-1.3.0.jar;C:\Users\Vidi Fitriansyah H\.gradle\caches\transforms-2\files-2.1\9b2e937052288ea35961f9108163907d\jetified-kotlinx-coroutines-core-1.3.2.jar;C:\Users\Vidi Fitriansyah H\.gradle\caches\transforms-2\files-2.1\7a729b8a8436f7bcb62a7842e04be994\jetified-kotlin-stdlib-1.3.71.jar;C:\Users\Vidi Fitriansyah H\.gradle\caches\transforms-2\files-2.1\69a8d6f9e9c0ac79687a98d60aaed2b0\jetified-kotlin-stdlib-common-1.3.71.jar;C:\Users\Vidi Fitriansyah H\.gradle\caches\transforms-2\files-2.1\100416b2bb9a8bed6a11b11aa4ba4826\jetified-annotations-13.0.jar;C:\Users\Vidi Fitriansyah H\.gradle\caches\transforms-2\files-2.1\8f47d730150059818ed593efbc8308d0\constraintlayout-2.0.4-api.jar;C:\Users\Vidi Fitriansyah H\.gradle\caches\transforms-2\files-2.1\a544a2791fbfd630205b2a9566eee612\navigation-ui-2.3.1-api.jar;C:\Users\Vidi Fitriansyah H\.gradle\caches\transforms-2\files-2.1\b856dfc579b4edbefc4fde2e139834fd\material-1.2.1-api.jar;C:\Users\Vidi Fitriansyah H\.gradle\caches\transforms-2\files-2.1\90a8d182daab973185b86222d019cb96\preference-1.1.1-api.jar;C:\Users\Vidi Fitriansyah H\.gradle\caches\transforms-2\files-2.1\ee0e064c473d69b6425f6fae3f00a27f\appcompat-1.2.0-api.jar;C:\Users\Vidi Fitriansyah H\.g
java_class_path (initial): C:\Users\Vidi Fitriansyah H\.gradle\caches\modules-2\files-2.1\org.jetbrains.kotlin\kotlin-compiler-embeddable\1.3.61\c35c0833d5a1e3d229359758482c480306724618\kotlin-compiler-embeddable-1.3.61.jar;C:\Users\Vidi Fitriansyah H\.gradle\caches\modules-2\files-2.1\org.jetbrains.kotlin\kotlin-reflect\1.3.61\2e07c9a84c9e118efb70eede7e579fd663932122\kotlin-reflect-1.3.61.jar;C:\Users\Vidi Fitriansyah H\.gradle\caches\modules-2\files-2.1\org.jetbrains.kotlin\kotlin-stdlib\1.3.61\4702105e97f7396ae41b113fdbdc180ec1eb1e36\kotlin-stdlib-1.3.61.jar;C:\Users\Vidi Fitriansyah H\.gradle\caches\modules-2\files-2.1\org.jetbrains.kotlin\kotlin-script-runtime\1.3.61\e5feb39c8de63dcbdc1154b34ca4413874231605\kotlin-script-runtime-1.3.61.jar;C:\Users\Vidi Fitriansyah H\.gradle\caches\modules-2\files-2.1\org.jetbrains.kotlin\kotlin-daemon-embeddable\1.3.61\4de83e41a92c8395d89ab2e81d26b788ba163824\kotlin-daemon-embeddable-1.3.61.jar;C:\Users\Vidi Fitriansyah H\.gradle\caches\modules-2\files-2.1\org.jetbrains.intellij.deps\trove4j\1.0.20181211\216c2e14b070f334479d800987affe4054cd563f\trove4j-1.0.20181211.jar;C:\Users\Vidi Fitriansyah H\.gradle\caches\modules-2\files-2.1\org.jetbrains.kotlin\kotlin-stdlib-common\1.3.61\65abb71d5afb850b68be03987b08e2c864ca3110\kotlin-stdlib-common-1.3.61.jar;C:\Users\Vidi Fitriansyah H\.gradle\caches\modules-2\files-2.1\org.jetbrains\annotations\13.0\919f0dfe192fb4e063e7dacadee7f8bb9a2672a9\annotations-13.0.jar;C:\Program Files\Java\jdk-8\lib\tools.jar
Launcher Type: SUN_STANDARD

Environment Variables:
JAVA_HOME=C:\Program Files\Java\jdk-8
PATH=C:\Program Files (x86)\Common Files\Oracle\Java\javapath;C:\adb\adb_win_v1.0.26;C:\adb\adb_win_v1.0.26;C:\Program Files\Common Files\Microsoft Shared\Windows Live;C:\Program Files (x86)\Common Files\Microsoft Shared\Windows Live;C:\WINDOWS\system32;C:\WINDOWS;C:\WINDOWS\System32\Wbem;C:\WINDOWS\System32\WindowsPowerShell\v1.0\;C:\Program Files (x86)\Windows Live\Shared;C:\Program Files (x86)\MATLAB\R2009a\bin;C:\Program Files (x86)\MATLAB\R2009a\bin\win32;C:\Program Files (x86)\Common Files\lenovo\easyplussdk\bin;C:\Users\Vidi Fitriansyah H\AppData\Local\Programs\Python\Python36\Scripts;C:\Users\Vidi Fitriansyah H\AppData\Local\Programs\Python\Python36;C:\Python27;C:\Python37\Scripts;C:\Users\Vidi Fitriansyah H\AppData\Local\Microsoft\WindowsApps;C:\Program Files (x86)\IVI Foundation\VISA\WinNT\Bin\;C:\Program Files\IVI Foundation\VISA\Win64\Bin\;C:\Program Files (x86)\IVI Foundation\VISA\WinNT\Bin;C:\gradle\gradle-5.4.1\bin;%JAVA_HOME%\bin;C:\Program Files\Git\cmd;C:\Users\Vidi Fitriansyah H\AppData\Local\Microsoft\WindowsApps;;C:\Program Files\Microsoft VS Code\bin
USERNAME=Vidi Fitriansyah H
OS=Windows_NT
PROCESSOR_IDENTIFIER=Intel64 Family 6 Model 61 Stepping 4, GenuineIntel



---------------  S Y S T E M  ---------------

OS: Windows 10.0 , 64 bit Build 14393 (10.0.14393.0)

CPU:total 2 (initial active 2) (2 cores per cpu, 1 threads per core) family 6 model 61 stepping 4, cmov, cx8, fxsr, mmx, sse, sse2, sse3, ssse3, sse4.1, sse4.2, popcnt, clmul, erms, 3dnowpref, lzcnt, tsc, tscinvbit

Memory: 4k page, physical 4103692k(156636k free), swap 8224268k(3092k free)

vm_info: OpenJDK 64-Bit Server VM (25.202-b03) for windows-amd64 JRE (1.8.0_202-release-1483-b03), built by "builder" with MS VC++ 10.0 (VS2010)

time: Thu Nov 19 11:31:12 2020
timezone: SE Asia Standard Time
elapsed time: 40 seconds (0d 0h 0m 40s)

