#
# There is insufficient memory for the Java Runtime Environment to continue.
# Native memory allocation (malloc) failed to allocate 32744 bytes for ChunkPool::allocate
# Possible reasons:
#   The system is out of physical RAM or swap space
#   The process is running with CompressedOops enabled, and the Java Heap may be blocking the growth of the native heap
# Possible solutions:
#   Reduce memory load on the system
#   Increase physical memory or swap space
#   Check if swap backing store is full
#   Decrease Java heap size (-Xmx/-Xms)
#   Decrease number of Java threads
#   Decrease Java thread stack sizes (-Xss)
#   Set larger code cache with -XX:ReservedCodeCacheSize=
#   JVM is running with Unscaled Compressed Oops mode in which the Java heap is
#     placed in the first 4GB address space. The Java Heap base address is the
#     maximum limit for the native heap growth. Please use -XX:HeapBaseMinAddress
#     to set the Java Heap base and to place the Java Heap above 4GB virtual address.
# This output file may be truncated or incomplete.
#
#  Out of Memory Error (allocation.cpp:272), pid=10388, tid=0x0000000000003194
#
# JRE version: OpenJDK Runtime Environment (8.0_202-b03) (build 1.8.0_202-release-1483-b03)
# Java VM: OpenJDK 64-Bit Server VM (25.202-b03 mixed mode windows-amd64 compressed oops)
# Failed to write core dump. Minidumps are not enabled by default on client versions of Windows
#

---------------  T H R E A D  ---------------

Current thread (0x0000000015e5a000):  JavaThread "C2 CompilerThread0" daemon [_thread_in_native, id=12692, stack(0x0000000016e90000,0x0000000016f90000)]

Stack: [0x0000000016e90000,0x0000000016f90000]
[error occurred during error reporting (printing stack bounds), id 0xc0000005]

Native frames: (J=compiled Java code, j=interpreted, Vv=VM code, C=native code)


Current CompileTask:
C2:2051268 19187 % !   4       com.android.tools.r8.dex.m::b @ 460 (2743 bytes)


---------------  P R O C E S S  ---------------

Java Threads: ( => current thread )
  0x0000000017d9e000 JavaThread "ForkJoinPool-6-worker-1" daemon [_thread_in_Java, id=9468, stack(0x0000000031290000,0x0000000031390000)]
  0x000000001b1e2000 JavaThread "WorkerExecutor Queue" [_thread_blocked, id=12352, stack(0x0000000030f90000,0x0000000031090000)]
  0x000000001b1e1800 JavaThread "RMI TCP Connection(16)-127.0.0.1" daemon [_thread_in_native, id=16708, stack(0x0000000030e90000,0x0000000030f90000)]
  0x000000001b1d9000 JavaThread "Cache worker for execution history cache (E:\Data\Dicoding\Fundamental Android\GithubUserAppFinal\.gradle\5.6.4\executionHistory)" [_thread_blocked, id=16204, stack(0x0000000030c90000,0x0000000030d90000)]
  0x000000001b1e0000 JavaThread "Execution worker for ':'" [_thread_blocked, id=10664, stack(0x0000000030b90000,0x0000000030c90000)]
  0x000000001b1d8800 JavaThread "Cache worker for file content cache (E:\Data\Dicoding\Fundamental Android\GithubUserAppFinal\.gradle\5.6.4\fileContent)" [_thread_blocked, id=6336, stack(0x0000000030a90000,0x0000000030b90000)]
  0x000000001b1d7800 JavaThread "Cache worker for Build Output Cleanup Cache (E:\Data\Dicoding\Fundamental Android\GithubUserAppFinal\.gradle\buildOutputCleanup)" [_thread_blocked, id=3468, stack(0x0000000030990000,0x0000000030a90000)]
  0x000000001b1dd000 JavaThread "pool-6-thread-1" [_thread_blocked, id=13168, stack(0x0000000030890000,0x0000000030990000)]
  0x000000001b1de800 JavaThread "RMI TCP Connection(15)-127.0.0.1" daemon [_thread_in_native, id=9772, stack(0x0000000030790000,0x0000000030890000)]
  0x000000001b1d5000 JavaThread "Build operations Thread 2" [_thread_blocked, id=14068, stack(0x0000000030690000,0x0000000030790000)]
  0x000000001b1da800 JavaThread "Build operations" [_thread_blocked, id=3788, stack(0x0000000030590000,0x0000000030690000)]
  0x000000001e831000 JavaThread "Cache worker for cache directory md-rule (C:\Users\Vidi Fitriansyah H\.gradle\caches\5.6.4\md-rule)" [_thread_blocked, id=9152, stack(0x0000000030490000,0x0000000030590000)]
  0x000000001e831800 JavaThread "Cache worker for cache directory md-supplier (C:\Users\Vidi Fitriansyah H\.gradle\caches\5.6.4\md-supplier)" [_thread_blocked, id=15960, stack(0x0000000030390000,0x0000000030490000)]
  0x000000001e830000 JavaThread "Cache worker for file hash cache (E:\Data\Dicoding\Fundamental Android\GithubUserAppFinal\.gradle\5.6.4\fileHashes)" [_thread_blocked, id=7024, stack(0x0000000030290000,0x0000000030390000)]
  0x000000001e82f800 JavaThread "Thread-58" [_thread_blocked, id=216, stack(0x0000000030190000,0x0000000030290000)]
  0x000000001e82e000 JavaThread "Asynchronous log dispatcher for DefaultDaemonConnection: socket connection from /127.0.0.1:51850 to /127.0.0.1:52154" [_thread_blocked, id=9156, stack(0x000000002ff90000,0x0000000030090000)]
  0x000000001e826800 JavaThread "Daemon worker Thread 3" [_thread_blocked, id=1728, stack(0x000000002fe90000,0x000000002ff90000)]
  0x000000001e824000 JavaThread "Cancel handler" [_thread_blocked, id=164, stack(0x000000002fd90000,0x000000002fe90000)]
  0x000000001e823800 JavaThread "Handler for socket connection from /127.0.0.1:51850 to /127.0.0.1:52154" [_thread_in_native, id=13664, stack(0x000000002fc90000,0x000000002fd90000)]
  0x000000001e828800 JavaThread "Daemon Thread 3" [_thread_blocked, id=15152, stack(0x000000002fb90000,0x000000002fc90000)]
  0x000000001e82b000 JavaThread "Cache worker for Java compile cache (C:\Users\Vidi Fitriansyah H\.gradle\caches\5.6.4\javaCompile)" [_thread_blocked, id=15564, stack(0x0000000029bb0000,0x0000000029cb0000)]
  0x000000001e82a000 JavaThread "RMI Reaper" [_thread_blocked, id=17236, stack(0x00000000299b0000,0x0000000029ab0000)]
  0x000000001e829800 JavaThread "RMI TCP Accept-0" daemon [_thread_in_native, id=9444, stack(0x00000000298b0000,0x00000000299b0000)]
  0x000000001e822800 JavaThread "GC Daemon" daemon [_thread_blocked, id=2704, stack(0x00000000295b0000,0x00000000296b0000)]
  0x000000001e828000 JavaThread "RMI Scheduler(0)" daemon [_thread_blocked, id=14948, stack(0x00000000293b0000,0x00000000294b0000)]
  0x000000001b1dc000 JavaThread "Cache worker for file content cache (C:\Users\Vidi Fitriansyah H\.gradle\caches\5.6.4\fileContent)" [_thread_blocked, id=10096, stack(0x00000000207a0000,0x00000000208a0000)]
  0x000000001b1d6800 JavaThread "Memory manager" [_thread_blocked, id=11128, stack(0x00000000204f0000,0x00000000205f0000)]
  0x000000001b1da000 JavaThread "Cache worker for execution history cache (C:\Users\Vidi Fitriansyah H\.gradle\caches\5.6.4\executionHistory)" [_thread_blocked, id=17388, stack(0x000000001dbb0000,0x000000001dcb0000)]
  0x0000000017da1800 JavaThread "Cache worker for journal cache (C:\Users\Vidi Fitriansyah H\.gradle\caches\journal-1)" [_thread_blocked, id=12480, stack(0x000000001a7a0000,0x000000001a8a0000)]
  0x0000000017d9b800 JavaThread "File lock request listener" [_thread_in_native, id=11168, stack(0x000000001a6a0000,0x000000001a7a0000)]
  0x00000000185fc800 JavaThread "Cache worker for file hash cache (C:\Users\Vidi Fitriansyah H\.gradle\caches\5.6.4\fileHashes)" [_thread_blocked, id=14988, stack(0x000000001a3a0000,0x000000001a4a0000)]
  0x0000000018d4b800 JavaThread "Daemon periodic checks" [_thread_blocked, id=16852, stack(0x00000000199a0000,0x0000000019aa0000)]
  0x00000000174d3000 JavaThread "Incoming local TCP Connector on port 51850" [_thread_in_native, id=16216, stack(0x00000000194a0000,0x00000000195a0000)]
  0x000000001885e000 JavaThread "Daemon health stats" [_thread_blocked, id=15860, stack(0x0000000018e60000,0x0000000018f60000)]
  0x0000000015ebb000 JavaThread "Service Thread" daemon [_thread_blocked, id=10884, stack(0x0000000017090000,0x0000000017190000)]
  0x0000000015e5c000 JavaThread "C1 CompilerThread1" daemon [_thread_blocked, id=11960, stack(0x0000000016f90000,0x0000000017090000)]
=>0x0000000015e5a000 JavaThread "C2 CompilerThread0" daemon [_thread_in_native, id=12692, stack(0x0000000016e90000,0x0000000016f90000)]
  0x0000000015e57800 JavaThread "Attach Listener" daemon [_thread_blocked, id=1772, stack(0x0000000016d90000,0x0000000016e90000)]
  0x0000000015e54000 JavaThread "Signal Dispatcher" daemon [_thread_blocked, id=8804, stack(0x0000000016c90000,0x0000000016d90000)]
  0x0000000002697000 JavaThread "Finalizer" daemon [_thread_blocked, id=15916, stack(0x0000000016aa0000,0x0000000016ba0000)]
  0x0000000015e47000 JavaThread "Reference Handler" daemon [_thread_blocked, id=11096, stack(0x00000000169a0000,0x0000000016aa0000)]
  0x000000000272e800 JavaThread "main" [_thread_blocked, id=11416, stack(0x0000000000d50000,0x0000000000e50000)]

Other Threads:
  0x0000000015e25800 VMThread [stack: 0x00000000168a0000,0x00000000169a0000] [id=10916]
  0x0000000015ebd000 WatcherThread [stack: 0x0000000017190000,0x0000000017290000] [id=11644]

VM state:not at safepoint (normal execution)

VM Mutex/Monitor currently owned by a thread: None

heap address: 0x00000000a0000000, size: 1536 MB, Compressed Oops mode: 32-bit
Narrow klass base: 0x0000000000000000, Narrow klass shift: 3
Compressed class space size: 1073741824 Address: 0x0000000100000000

Heap:
 PSYoungGen      total 313856K, used 153620K [0x00000000e0000000, 0x00000000fe600000, 0x0000000100000000)
  eden space 198144K, 19% used [0x00000000e0000000,0x00000000e251d3c8,0x00000000ec180000)
  from space 115712K, 99% used [0x00000000f4680000,0x00000000fb767fd0,0x00000000fb780000)
  to   space 136192K, 0% used [0x00000000ec180000,0x00000000ec180000,0x00000000f4680000)
 ParOldGen       total 237568K, used 74008K [0x00000000a0000000, 0x00000000ae800000, 0x00000000e0000000)
  object space 237568K, 31% used [0x00000000a0000000,0x00000000a4846068,0x00000000ae800000)
 Metaspace       used 96778K, capacity 100492K, committed 100992K, reserved 1136640K
  class space    used 12573K, capacity 13299K, committed 13440K, reserved 1048576K

Card table byte_map: [0x0000000011af0000,0x0000000011e00000] byte_map_base: 0x00000000115f0000

Marking Bits: (ParMarkBitMap*) 0x0000000059289f30
 Begin Bits: [0x0000000012200000, 0x0000000013a00000)
 End Bits:   [0x0000000013a00000, 0x0000000015200000)

Polling page: 0x0000000000960000

CodeCache: size=245760Kb used=52328Kb max_used=52342Kb free=193431Kb
 bounds [0x0000000002730000, 0x0000000005ac0000, 0x0000000011730000]
 total_blobs=16221 nmethods=15293 adapters=839
 compilation: enabled

Compilation events (10 events):
Event: 2050.300 Thread 0x0000000015e5c000 19198       1       com.android.tools.r8.code.G1::j (3 bytes)
Event: 2050.300 Thread 0x0000000015e5c000 nmethod 19198 0x0000000003db4bd0 code [0x0000000003db4d20, 0x0000000003db4e30]
Event: 2050.301 Thread 0x0000000015e5c000 19199       1       com.android.tools.r8.code.f3::j (3 bytes)
Event: 2050.302 Thread 0x0000000015e5c000 nmethod 19199 0x00000000041ea1d0 code [0x00000000041ea320, 0x00000000041ea430]
Event: 2050.531 Thread 0x0000000015e5c000 19201       1       com.android.tools.r8.code.Q1::j (4 bytes)
Event: 2050.531 Thread 0x0000000015e5c000 nmethod 19201 0x0000000004ee96d0 code [0x0000000004ee9820, 0x0000000004ee9930]
Event: 2050.549 Thread 0x0000000015e5c000 19202       1       com.android.tools.r8.code.L3::j (4 bytes)
Event: 2050.550 Thread 0x0000000015e5c000 nmethod 19202 0x0000000003c57090 code [0x0000000003c571e0, 0x0000000003c572f0]
Event: 2050.555 Thread 0x0000000015e5c000 19203       1       com.android.tools.r8.code.u1::j (4 bytes)
Event: 2050.556 Thread 0x0000000015e5c000 nmethod 19203 0x0000000003c87ad0 code [0x0000000003c87c20, 0x0000000003c87d30]

GC Heap History (10 events):
Event: 1957.089 GC heap before
{Heap before GC invocations=38 (full 5):
 PSYoungGen      total 261632K, used 261604K [0x00000000e0000000, 0x00000000fa080000, 0x0000000100000000)
  eden space 180736K, 100% used [0x00000000e0000000,0x00000000eb080000,0x00000000eb080000)
  from space 80896K, 99% used [0x00000000f1880000,0x00000000f6779018,0x00000000f6780000)
  to   space 106496K, 0% used [0x00000000eb080000,0x00000000eb080000,0x00000000f1880000)
 ParOldGen       total 288768K, used 238044K [0x00000000a0000000, 0x00000000b1a00000, 0x00000000e0000000)
  object space 288768K, 82% used [0x00000000a0000000,0x00000000ae877178,0x00000000b1a00000)
 Metaspace       used 96421K, capacity 100138K, committed 100480K, reserved 1136640K
  class space    used 12592K, capacity 13339K, committed 13440K, reserved 1048576K
Event: 1958.273 GC heap after
Heap after GC invocations=38 (full 5):
 PSYoungGen      total 287232K, used 12508K [0x00000000e0000000, 0x00000000f8b00000, 0x0000000100000000)
  eden space 180736K, 0% used [0x00000000e0000000,0x00000000e0000000,0x00000000eb080000)
  from space 106496K, 11% used [0x00000000eb080000,0x00000000ebcb7158,0x00000000f1880000)
  to   space 104448K, 0% used [0x00000000f2500000,0x00000000f2500000,0x00000000f8b00000)
 ParOldGen       total 309760K, used 309686K [0x00000000a0000000, 0x00000000b2e80000, 0x00000000e0000000)
  object space 309760K, 99% used [0x00000000a0000000,0x00000000b2e6d920,0x00000000b2e80000)
 Metaspace       used 96421K, capacity 100138K, committed 100480K, reserved 1136640K
  class space    used 12592K, capacity 13339K, committed 13440K, reserved 1048576K
}
Event: 1958.273 GC heap before
{Heap before GC invocations=39 (full 6):
 PSYoungGen      total 287232K, used 12508K [0x00000000e0000000, 0x00000000f8b00000, 0x0000000100000000)
  eden space 180736K, 0% used [0x00000000e0000000,0x00000000e0000000,0x00000000eb080000)
  from space 106496K, 11% used [0x00000000eb080000,0x00000000ebcb7158,0x00000000f1880000)
  to   space 104448K, 0% used [0x00000000f2500000,0x00000000f2500000,0x00000000f8b00000)
 ParOldGen       total 309760K, used 309686K [0x00000000a0000000, 0x00000000b2e80000, 0x00000000e0000000)
  object space 309760K, 99% used [0x00000000a0000000,0x00000000b2e6d920,0x00000000b2e80000)
 Metaspace       used 96421K, capacity 100138K, committed 100480K, reserved 1136640K
  class space    used 12592K, capacity 13339K, committed 13440K, reserved 1048576K
Event: 1960.933 GC heap after
Heap after GC invocations=39 (full 6):
 PSYoungGen      total 287232K, used 0K [0x00000000e0000000, 0x00000000f8b00000, 0x0000000100000000)
  eden space 180736K, 0% used [0x00000000e0000000,0x00000000e0000000,0x00000000eb080000)
  from space 106496K, 0% used [0x00000000eb080000,0x00000000eb080000,0x00000000f1880000)
  to   space 104448K, 0% used [0x00000000f2500000,0x00000000f2500000,0x00000000f8b00000)
 ParOldGen       total 237568K, used 72968K [0x00000000a0000000, 0x00000000ae800000, 0x00000000e0000000)
  object space 237568K, 30% used [0x00000000a0000000,0x00000000a4742058,0x00000000ae800000)
 Metaspace       used 96155K, capacity 99648K, committed 100480K, reserved 1136640K
  class space    used 12539K, capacity 13239K, committed 13440K, reserved 1048576K
}
Event: 2031.659 GC heap before
{Heap before GC invocations=40 (full 6):
 PSYoungGen      total 287232K, used 180736K [0x00000000e0000000, 0x00000000f8b00000, 0x0000000100000000)
  eden space 180736K, 100% used [0x00000000e0000000,0x00000000eb080000,0x00000000eb080000)
  from space 106496K, 0% used [0x00000000eb080000,0x00000000eb080000,0x00000000f1880000)
  to   space 104448K, 0% used [0x00000000f2500000,0x00000000f2500000,0x00000000f8b00000)
 ParOldGen       total 237568K, used 72968K [0x00000000a0000000, 0x00000000ae800000, 0x00000000e0000000)
  object space 237568K, 30% used [0x00000000a0000000,0x00000000a4742058,0x00000000ae800000)
 Metaspace       used 96730K, capacity 100424K, committed 100736K, reserved 1136640K
  class space    used 12573K, capacity 13299K, committed 13440K, reserved 1048576K
Event: 2032.218 GC heap after
Heap after GC invocations=40 (full 6):
 PSYoungGen      total 295936K, used 12976K [0x00000000e0000000, 0x00000000f8600000, 0x0000000100000000)
  eden space 196608K, 0% used [0x00000000e0000000,0x00000000e0000000,0x00000000ec000000)
  from space 99328K, 13% used [0x00000000f2500000,0x00000000f31ac010,0x00000000f8600000)
  to   space 101376K, 0% used [0x00000000ec000000,0x00000000ec000000,0x00000000f2300000)
 ParOldGen       total 237568K, used 72976K [0x00000000a0000000, 0x00000000ae800000, 0x00000000e0000000)
  object space 237568K, 30% used [0x00000000a0000000,0x00000000a4744058,0x00000000ae800000)
 Metaspace       used 96730K, capacity 100424K, committed 100736K, reserved 1136640K
  class space    used 12573K, capacity 13299K, committed 13440K, reserved 1048576K
}
Event: 2043.783 GC heap before
{Heap before GC invocations=41 (full 6):
 PSYoungGen      total 295936K, used 209584K [0x00000000e0000000, 0x00000000f8600000, 0x0000000100000000)
  eden space 196608K, 100% used [0x00000000e0000000,0x00000000ec000000,0x00000000ec000000)
  from space 99328K, 13% used [0x00000000f2500000,0x00000000f31ac010,0x00000000f8600000)
  to   space 101376K, 0% used [0x00000000ec000000,0x00000000ec000000,0x00000000f2300000)
 ParOldGen       total 237568K, used 72976K [0x00000000a0000000, 0x00000000ae800000, 0x00000000e0000000)
  object space 237568K, 30% used [0x00000000a0000000,0x00000000a4744058,0x00000000ae800000)
 Metaspace       used 96770K, capacity 100492K, committed 100992K, reserved 1136640K
  class space    used 12573K, capacity 13299K, committed 13440K, reserved 1048576K
Event: 2044.845 GC heap after
Heap after GC invocations=41 (full 6):
 PSYoungGen      total 297984K, used 91042K [0x00000000e0000000, 0x00000000fb780000, 0x0000000100000000)
  eden space 196608K, 0% used [0x00000000e0000000,0x00000000e0000000,0x00000000ec000000)
  from space 101376K, 89% used [0x00000000ec000000,0x00000000f18e88d0,0x00000000f2300000)
  to   space 115712K, 0% used [0x00000000f4680000,0x00000000f4680000,0x00000000fb780000)
 ParOldGen       total 237568K, used 72984K [0x00000000a0000000, 0x00000000ae800000, 0x00000000e0000000)
  object space 237568K, 30% used [0x00000000a0000000,0x00000000a4746058,0x00000000ae800000)
 Metaspace       used 96770K, capacity 100492K, committed 100992K, reserved 1136640K
  class space    used 12573K, capacity 13299K, committed 13440K, reserved 1048576K
}
Event: 2048.891 GC heap before
{Heap before GC invocations=42 (full 6):
 PSYoungGen      total 297984K, used 284546K [0x00000000e0000000, 0x00000000fb780000, 0x0000000100000000)
  eden space 196608K, 98% used [0x00000000e0000000,0x00000000ebcf8100,0x00000000ec000000)
  from space 101376K, 89% used [0x00000000ec000000,0x00000000f18e88d0,0x00000000f2300000)
  to   space 115712K, 0% used [0x00000000f4680000,0x00000000f4680000,0x00000000fb780000)
 ParOldGen       total 237568K, used 72984K [0x00000000a0000000, 0x00000000ae800000, 0x00000000e0000000)
  object space 237568K, 30% used [0x00000000a0000000,0x00000000a4746058,0x00000000ae800000)
 Metaspace       used 96775K, capacity 100492K, committed 100992K, reserved 1136640K
  class space    used 12573K, capacity 13299K, committed 13440K, reserved 1048576K
Event: 2049.666 GC heap after
Heap after GC invocations=42 (full 6):
 PSYoungGen      total 313856K, used 115615K [0x00000000e0000000, 0x00000000fe600000, 0x0000000100000000)
  eden space 198144K, 0% used [0x00000000e0000000,0x00000000e0000000,0x00000000ec180000)
  from space 115712K, 99% used [0x00000000f4680000,0x00000000fb767fd0,0x00000000fb780000)
  to   space 136192K, 0% used [0x00000000ec180000,0x00000000ec180000,0x00000000f4680000)
 ParOldGen       total 237568K, used 74008K [0x00000000a0000000, 0x00000000ae800000, 0x00000000e0000000)
  object space 237568K, 31% used [0x00000000a0000000,0x00000000a4846068,0x00000000ae800000)
 Metaspace       used 96775K, capacity 100492K, committed 100992K, reserved 1136640K
  class space    used 12573K, capacity 13299K, committed 13440K, reserved 1048576K
}

Deoptimization events (10 events):
Event: 2033.511 Thread 0x000000001b1e3800 Uncommon trap: reason=class_check action=maybe_recompile pc=0x0000000005626788 method=com.android.tools.r8.graph.a0.c0()J @ 5
Event: 2033.511 Thread 0x000000001b1e3800 Uncommon trap: reason=class_check action=maybe_recompile pc=0x0000000005626788 method=com.android.tools.r8.graph.a0.c0()J @ 5
Event: 2033.511 Thread 0x000000001b1e3800 Uncommon trap: reason=class_check action=maybe_recompile pc=0x0000000005626788 method=com.android.tools.r8.graph.a0.c0()J @ 5
Event: 2035.618 Thread 0x000000001b1e0000 Uncommon trap: reason=unstable_if action=reinterpret pc=0x00000000058f3760 method=java.util.concurrent.ConcurrentLinkedQueue.updateHead(Ljava/util/concurrent/ConcurrentLinkedQueue$Node;Ljava/util/concurrent/ConcurrentLinkedQueue$Node;)V @ 11
Event: 2035.888 Thread 0x000000001e826800 Uncommon trap: reason=unstable_if action=reinterpret pc=0x0000000004eee7f4 method=java.util.concurrent.locks.AbstractQueuedSynchronizer.addWaiter(Ljava/util/concurrent/locks/AbstractQueuedSynchronizer$Node;)Ljava/util/concurrent/locks/AbstractQueuedSynchr
Event: 2043.759 Thread 0x000000001b1e2000 Uncommon trap: reason=unstable_if action=reinterpret pc=0x0000000002de28d4 method=com.android.tools.r8.dex.w.a(Lcom/android/tools/r8/graph/d0;)Lcom/android/tools/r8/dex/w; @ 41
Event: 2047.244 Thread 0x0000000017d9e000 Uncommon trap: reason=class_check action=maybe_recompile pc=0x000000000569afe8 method=com.android.tools.r8.graph.S.a(Lcom/android/tools/r8/dex/A;Lcom/android/tools/r8/dex/z;)V @ 2
Event: 2047.244 Thread 0x0000000017d9e000 Uncommon trap: reason=class_check action=maybe_recompile pc=0x000000000569afe8 method=com.android.tools.r8.graph.S.a(Lcom/android/tools/r8/dex/A;Lcom/android/tools/r8/dex/z;)V @ 2
Event: 2047.244 Thread 0x0000000017d9e000 Uncommon trap: reason=class_check action=maybe_recompile pc=0x000000000569afe8 method=com.android.tools.r8.graph.S.a(Lcom/android/tools/r8/dex/A;Lcom/android/tools/r8/dex/z;)V @ 2
Event: 2047.245 Thread 0x0000000017d9e000 Uncommon trap: reason=class_check action=maybe_recompile pc=0x000000000569afe8 method=com.android.tools.r8.graph.S.a(Lcom/android/tools/r8/dex/A;Lcom/android/tools/r8/dex/z;)V @ 2

Classes redefined (0 events):
No events

Internal exceptions (10 events):
Event: 1966.429 Thread 0x000000001e826800 Implicit null exception at 0x0000000003e5f95c to 0x0000000003e60281
Event: 1967.933 Thread 0x000000001e826800 Implicit null exception at 0x00000000053621ea to 0x0000000005362339
Event: 1968.025 Thread 0x000000001e826800 Implicit null exception at 0x00000000051696cf to 0x000000000516ef59
Event: 1982.521 Thread 0x000000001e826800 Implicit null exception at 0x00000000057cbd7b to 0x00000000057d073d
Event: 2008.908 Thread 0x000000001b1e0800 Exception <a 'java/lang/InterruptedException'> (0x00000000e96306e8) thrown at [D:\src\AOSP-openjdk-cygwin\jdk8u\hotspot\src\share\vm\runtime\objectMonitor.cpp, line 1680]
Event: 2031.343 Thread 0x000000001b1e3800 Exception <a 'sun/nio/fs/WindowsException'> (0x00000000eae25ee8) thrown at [D:\src\AOSP-openjdk-cygwin\jdk8u\hotspot\src\share\vm\prims\jni.cpp, line 710]
Event: 2033.543 Thread 0x000000001b1e3800 Exception <a 'sun/nio/fs/WindowsException'> (0x00000000e02121d0) thrown at [D:\src\AOSP-openjdk-cygwin\jdk8u\hotspot\src\share\vm\prims\jni.cpp, line 710]
Event: 2033.592 Thread 0x000000001b1e3800 Exception <a 'sun/nio/fs/WindowsException'> (0x00000000e021fa40) thrown at [D:\src\AOSP-openjdk-cygwin\jdk8u\hotspot\src\share\vm\prims\jni.cpp, line 710]
Event: 2033.670 Thread 0x000000001b1e3800 Exception <a 'sun/nio/fs/WindowsException'> (0x00000000e02f27f8) thrown at [D:\src\AOSP-openjdk-cygwin\jdk8u\hotspot\src\share\vm\prims\jni.cpp, line 710]
Event: 2041.943 Thread 0x000000001b1e2000 Exception <a 'sun/nio/fs/WindowsException'> (0x00000000e1276a48) thrown at [D:\src\AOSP-openjdk-cygwin\jdk8u\hotspot\src\share\vm\prims\jni.cpp, line 710]

Events (10 events):
Event: 2047.909 Thread 0x0000000017d9e000 DEOPT PACKING pc=0x00000000047b5b4d sp=0x000000003138f2a0
Event: 2047.909 Thread 0x0000000017d9e000 DEOPT UNPACKING pc=0x00000000027771d0 sp=0x000000003138f090 mode 0
Event: 2047.927 Thread 0x0000000017d9e000 DEOPT PACKING pc=0x00000000047b5b4d sp=0x000000003138f2a0
Event: 2047.927 Thread 0x0000000017d9e000 DEOPT UNPACKING pc=0x00000000027771d0 sp=0x000000003138f090 mode 0
Event: 2048.173 Thread 0x0000000015e5a000 flushing nmethod 0x0000000004ee96d0
Event: 2048.184 Thread 0x0000000015e5a000 flushing nmethod 0x00000000054f4490
Event: 2048.194 Thread 0x0000000015e5a000 flushing nmethod 0x000000000565ab90
Event: 2048.195 Thread 0x0000000015e5a000 flushing nmethod 0x00000000058d4350
Event: 2048.891 Executing VM operation: ParallelGCFailedAllocation
Event: 2049.666 Executing VM operation: ParallelGCFailedAllocation done


Dynamic libraries:
0x00007ff633ca0000 - 0x00007ff633cd1000 	C:\Program Files\Java\jdk-8\bin\java.exe
0x00007fff1e740000 - 0x00007fff1e911000 	C:\WINDOWS\SYSTEM32\ntdll.dll
0x00007fff1c730000 - 0x00007fff1c7db000 	C:\WINDOWS\System32\KERNEL32.DLL
0x00007fff1b990000 - 0x00007fff1bbad000 	C:\WINDOWS\System32\KERNELBASE.dll
0x00007fff1e490000 - 0x00007fff1e532000 	C:\WINDOWS\System32\ADVAPI32.dll
0x00007fff1dd90000 - 0x00007fff1de2e000 	C:\WINDOWS\System32\msvcrt.dll
0x00007fff1c6d0000 - 0x00007fff1c729000 	C:\WINDOWS\System32\sechost.dll
0x00007fff1e360000 - 0x00007fff1e481000 	C:\WINDOWS\System32\RPCRT4.dll
0x00007fff1c510000 - 0x00007fff1c675000 	C:\WINDOWS\System32\USER32.dll
0x00007fff1b970000 - 0x00007fff1b98e000 	C:\WINDOWS\System32\win32u.dll
0x00007fff1c7e0000 - 0x00007fff1c814000 	C:\WINDOWS\System32\GDI32.dll
0x00007fff1b610000 - 0x00007fff1b792000 	C:\WINDOWS\System32\gdi32full.dll
0x00007fff0ea80000 - 0x00007fff0ecf9000 	C:\WINDOWS\WinSxS\amd64_microsoft.windows.common-controls_6595b64144ccf1df_6.0.14393.0_none_2d0f50fcbdb171b8\COMCTL32.dll
0x00007fff1ded0000 - 0x00007fff1e197000 	C:\WINDOWS\System32\combase.dll
0x00007fff1bbb0000 - 0x00007fff1bca5000 	C:\WINDOWS\System32\ucrtbase.dll
0x00007fff1b540000 - 0x00007fff1b5aa000 	C:\WINDOWS\System32\bcryptPrimitives.dll
0x00007fff1c4e0000 - 0x00007fff1c50e000 	C:\WINDOWS\System32\IMM32.DLL
0x0000000059310000 - 0x00000000593e2000 	C:\Program Files\Java\jdk-8\jre\bin\msvcr100.dll
0x0000000058ac0000 - 0x0000000059306000 	C:\Program Files\Java\jdk-8\jre\bin\server\jvm.dll
0x00007fff1c4d0000 - 0x00007fff1c4d8000 	C:\WINDOWS\System32\PSAPI.DLL
0x00007fff0ce80000 - 0x00007fff0ce89000 	C:\WINDOWS\SYSTEM32\WSOCK32.dll
0x00007fff1c460000 - 0x00007fff1c4ca000 	C:\WINDOWS\System32\WS2_32.dll
0x00007fff190e0000 - 0x00007fff19103000 	C:\WINDOWS\SYSTEM32\WINMM.dll
0x00007fff0eef0000 - 0x00007fff0eefa000 	C:\WINDOWS\SYSTEM32\VERSION.dll
0x00007fff19080000 - 0x00007fff190ab000 	C:\WINDOWS\SYSTEM32\WINMMBASE.dll
0x00007fff1acb0000 - 0x00007fff1acf2000 	C:\WINDOWS\System32\cfgmgr32.dll
0x00007fff106a0000 - 0x00007fff106af000 	C:\Program Files\Java\jdk-8\jre\bin\verify.dll
0x00007ffef9770000 - 0x00007ffef9799000 	C:\Program Files\Java\jdk-8\jre\bin\java.dll
0x00007ffef9420000 - 0x00007ffef9436000 	C:\Program Files\Java\jdk-8\jre\bin\zip.dll
0x00007fff1c880000 - 0x00007fff1dd88000 	C:\WINDOWS\System32\SHELL32.dll
0x00007fff1ad00000 - 0x00007fff1b3da000 	C:\WINDOWS\System32\windows.storage.dll
0x00007fff1ac60000 - 0x00007fff1acac000 	C:\WINDOWS\System32\powrprof.dll
0x00007fff1c820000 - 0x00007fff1c872000 	C:\WINDOWS\System32\shlwapi.dll
0x00007fff1ac20000 - 0x00007fff1ac2f000 	C:\WINDOWS\System32\kernel.appcore.dll
0x00007fff1b3e0000 - 0x00007fff1b489000 	C:\WINDOWS\System32\shcore.dll
0x00007fff1ac30000 - 0x00007fff1ac44000 	C:\WINDOWS\System32\profapi.dll
0x00007fff15530000 - 0x00007fff1554a000 	C:\Program Files\Java\jdk-8\jre\bin\net.dll
0x00007fff1a4f0000 - 0x00007fff1a54c000 	C:\WINDOWS\system32\mswsock.dll
0x00007ffef6d00000 - 0x00007ffef6d11000 	C:\Program Files\Java\jdk-8\jre\bin\nio.dll
0x00007ffefb5a0000 - 0x00007ffefb5c6000 	C:\Users\Vidi Fitriansyah H\.gradle\native\30\windows-amd64\native-platform.dll
0x00007fff0f9c0000 - 0x00007fff0f9cd000 	C:\Program Files\Java\jdk-8\jre\bin\management.dll
0x00007fff1a690000 - 0x00007fff1a6a7000 	C:\WINDOWS\SYSTEM32\CRYPTSP.dll
0x00007fff1a100000 - 0x00007fff1a133000 	C:\WINDOWS\system32\rsaenh.dll
0x00007fff1ab60000 - 0x00007fff1ab8b000 	C:\WINDOWS\SYSTEM32\bcrypt.dll
0x00007fff1a380000 - 0x00007fff1a39f000 	C:\WINDOWS\SYSTEM32\USERENV.dll
0x00007fff1ab50000 - 0x00007fff1ab5b000 	C:\WINDOWS\SYSTEM32\CRYPTBASE.dll
0x00007fff1a280000 - 0x00007fff1a2b8000 	C:\WINDOWS\SYSTEM32\IPHLPAPI.DLL
0x00007fff1c680000 - 0x00007fff1c688000 	C:\WINDOWS\System32\NSI.dll
0x00007fff13580000 - 0x00007fff13596000 	C:\WINDOWS\SYSTEM32\dhcpcsvc6.DLL
0x00007fff13630000 - 0x00007fff1364a000 	C:\WINDOWS\SYSTEM32\dhcpcsvc.DLL
0x00007ffef5020000 - 0x00007ffef5044000 	C:\Program Files\Java\jdk-8\jre\bin\sunec.dll
0x00007fff1a2c0000 - 0x00007fff1a360000 	C:\WINDOWS\SYSTEM32\DNSAPI.dll
0x000000005a440000 - 0x000000005a44a000 	C:\Program Files\National Instruments\Shared\mDNS Responder\nimdnsNSP.dll
0x000000005a430000 - 0x000000005a440000 	C:\WINDOWS\SYSTEM32\nimdnsResponder.dll
0x00007fff0d5f0000 - 0x00007fff0d607000 	C:\WINDOWS\SYSTEM32\VCRUNTIME140.dll
0x00007fff0d560000 - 0x00007fff0d56a000 	C:\Windows\System32\rasadhlp.dll
0x00007fff109e0000 - 0x00007fff10a4a000 	C:\WINDOWS\System32\fwpuclnt.dll
0x00007fff19180000 - 0x00007fff1918b000 	C:\Program Files\Java\jdk-8\jre\bin\sunmscapi.dll
0x00007fff1b7a0000 - 0x00007fff1b968000 	C:\WINDOWS\System32\CRYPT32.dll
0x00007fff1ac50000 - 0x00007fff1ac60000 	C:\WINDOWS\System32\MSASN1.dll
0x00007fff120e0000 - 0x00007fff120fe000 	C:\Users\Vidi Fitriansyah H\AppData\Local\Temp\native-platform2919780826124498106dir\native-platform.dll

VM Arguments:
jvm_args: -Xmx1536m -Dfile.encoding=windows-1252 -Duser.country=US -Duser.language=en -Duser.variant 
java_command: org.gradle.launcher.daemon.bootstrap.GradleDaemon 5.6.4
java_class_path (initial): C:\Users\Vidi Fitriansyah H\.gradle\wrapper\dists\gradle-5.6.4-all\ankdp27end7byghfw1q2sw75f\gradle-5.6.4\lib\gradle-launcher-5.6.4.jar
Launcher Type: SUN_STANDARD

Environment Variables:
JAVA_HOME=C:\Program Files\Java\jdk-8
PATH=C:\Program Files (x86)\Common Files\Oracle\Java\javapath;C:\adb\adb_win_v1.0.26;C:\adb\adb_win_v1.0.26;C:\Program Files\Common Files\Microsoft Shared\Windows Live;C:\Program Files (x86)\Common Files\Microsoft Shared\Windows Live;C:\WINDOWS\system32;C:\WINDOWS;C:\WINDOWS\System32\Wbem;C:\WINDOWS\System32\WindowsPowerShell\v1.0\;C:\Program Files (x86)\Windows Live\Shared;C:\Program Files (x86)\MATLAB\R2009a\bin;C:\Program Files (x86)\MATLAB\R2009a\bin\win32;C:\Program Files (x86)\Common Files\lenovo\easyplussdk\bin;C:\Users\Vidi Fitriansyah H\AppData\Local\Programs\Python\Python36\Scripts;C:\Users\Vidi Fitriansyah H\AppData\Local\Programs\Python\Python36;C:\Python27;C:\Python37\Scripts;C:\Users\Vidi Fitriansyah H\AppData\Local\Microsoft\WindowsApps;C:\Program Files (x86)\IVI Foundation\VISA\WinNT\Bin\;C:\Program Files\IVI Foundation\VISA\Win64\Bin\;C:\Program Files (x86)\IVI Foundation\VISA\WinNT\Bin;C:\gradle\gradle-5.4.1\bin;%JAVA_HOME%\bin;C:\Program Files\Git\cmd;C:\Users\Vidi Fitriansyah H\AppData\Local\Microsoft\WindowsApps;;C:\Program Files\Microsoft VS Code\bin
USERNAME=Vidi Fitriansyah H
OS=Windows_NT
PROCESSOR_IDENTIFIER=Intel64 Family 6 Model 61 Stepping 4, GenuineIntel



---------------  S Y S T E M  ---------------

OS: Windows 10.0 , 64 bit Build 14393 (10.0.14393.0)

CPU:total 2 (initial active 2) (2 cores per cpu, 1 threads per core) family 6 model 61 stepping 4, cmov, cx8, fxsr, mmx, sse, sse2, sse3, ssse3, sse4.1, sse4.2, popcnt, clmul, erms, 3dnowpref, lzcnt, tsc, tscinvbit

Memory: 4k page, physical 4103692k(166580k free), swap 8224268k(5184k free)

vm_info: OpenJDK 64-Bit Server VM (25.202-b03) for windows-amd64 JRE (1.8.0_202-release-1483-b03), built by "builder" with MS VC++ 10.0 (VS2010)

time: Sun Nov 15 13:37:08 2020
timezone: SE Asia Standard Time
elapsed time: 2050 seconds (0d 0h 34m 10s)

