#
# There is insufficient memory for the Java Runtime Environment to continue.
# Native memory allocation (malloc) failed to allocate 336912 bytes for Chunk::new
# Possible reasons:
#   The system is out of physical RAM or swap space
#   The process is running with CompressedOops enabled, and the Java Heap may be blocking the growth of the native heap
# Possible solutions:
#   Reduce memory load on the system
#   Increase physical memory or swap space
#   Check if swap backing store is full
#   Decrease Java heap size (-Xmx/-Xms)
#   Decrease number of Java threads
#   Decrease Java thread stack sizes (-Xss)
#   Set larger code cache with -XX:ReservedCodeCacheSize=
#   JVM is running with Unscaled Compressed Oops mode in which the Java heap is
#     placed in the first 4GB address space. The Java Heap base address is the
#     maximum limit for the native heap growth. Please use -XX:HeapBaseMinAddress
#     to set the Java Heap base and to place the Java Heap above 4GB virtual address.
# This output file may be truncated or incomplete.
#
#  Out of Memory Error (allocation.cpp:389), pid=9616, tid=0x0000000000002860
#
# JRE version: OpenJDK Runtime Environment (8.0_202-b03) (build 1.8.0_202-release-1483-b03)
# Java VM: OpenJDK 64-Bit Server VM (25.202-b03 mixed mode windows-amd64 compressed oops)
# Failed to write core dump. Minidumps are not enabled by default on client versions of Windows
#

---------------  T H R E A D  ---------------

Current thread (0x00000000148d8800):  JavaThread "C2 CompilerThread0" daemon [_thread_in_native, id=10336, stack(0x0000000015900000,0x0000000015a00000)]

Stack: [0x0000000015900000,0x0000000015a00000]
[error occurred during error reporting (printing stack bounds), id 0xc0000005]

Native frames: (J=compiled Java code, j=interpreted, Vv=VM code, C=native code)


Current CompileTask:
C2:  18201 3627       4       org.jetbrains.kotlin.metadata.ProtoBuf$Type::writeTo (354 bytes)


---------------  P R O C E S S  ---------------

Java Threads: ( => current thread )
  0x000000001494a800 JavaThread "Service Thread" daemon [_thread_blocked, id=11004, stack(0x0000000015b00000,0x0000000015c00000)]
  0x00000000148da800 JavaThread "C1 CompilerThread1" daemon [_thread_blocked, id=1232, stack(0x0000000015a00000,0x0000000015b00000)]
=>0x00000000148d8800 JavaThread "C2 CompilerThread0" daemon [_thread_in_native, id=10336, stack(0x0000000015900000,0x0000000015a00000)]
  0x00000000148d6800 JavaThread "Attach Listener" daemon [_thread_blocked, id=4960, stack(0x0000000015800000,0x0000000015900000)]
  0x00000000148d1800 JavaThread "Signal Dispatcher" daemon [_thread_blocked, id=15108, stack(0x0000000015700000,0x0000000015800000)]
  0x000000000250d800 JavaThread "Finalizer" daemon [_thread_blocked, id=15736, stack(0x0000000015500000,0x0000000015600000)]
  0x0000000002509000 JavaThread "Reference Handler" daemon [_thread_blocked, id=16280, stack(0x0000000015400000,0x0000000015500000)]
  0x000000000240e000 JavaThread "main" [_thread_in_native_trans, id=13776, stack(0x0000000002300000,0x0000000002400000)]

Other Threads:
  0x0000000014894800 VMThread [stack: 0x0000000015300000,0x0000000015400000] [id=8620]
  0x0000000014955000 WatcherThread [stack: 0x0000000015c00000,0x0000000015d00000] [id=14700]

VM state:not at safepoint (normal execution)

VM Mutex/Monitor currently owned by a thread: None

heap address: 0x00000000c1600000, size: 1002 MB, Compressed Oops mode: 32-bit
Narrow klass base: 0x0000000000000000, Narrow klass shift: 3
Compressed class space size: 1073741824 Address: 0x0000000100000000

Heap:
 PSYoungGen      total 72704K, used 53910K [0x00000000eb200000, 0x00000000f2280000, 0x0000000100000000)
  eden space 58880K, 91% used [0x00000000eb200000,0x00000000ee6a59c8,0x00000000eeb80000)
  from space 13824K, 0% used [0x00000000efb00000,0x00000000efb00000,0x00000000f0880000)
  to   space 15872K, 0% used [0x00000000eeb80000,0x00000000eeb80000,0x00000000efb00000)
 ParOldGen       total 41472K, used 19190K [0x00000000c1600000, 0x00000000c3e80000, 0x00000000eb200000)
  object space 41472K, 46% used [0x00000000c1600000,0x00000000c28bdae0,0x00000000c3e80000)
 Metaspace       used 38976K, capacity 39599K, committed 39848K, reserved 1083392K
  class space    used 4872K, capacity 5032K, committed 5040K, reserved 1048576K

Card table byte_map: [0x00000000118d0000,0x0000000011ad0000] byte_map_base: 0x00000000112c5000

Marking Bits: (ParMarkBitMap*) 0x0000000071cf9f30
 Begin Bits: [0x0000000011e20000, 0x0000000012dc8000)
 End Bits:   [0x0000000012dc8000, 0x0000000013d70000)

Polling page: 0x0000000000a80000

CodeCache: size=245760Kb used=11441Kb max_used=11441Kb free=234318Kb
 bounds [0x0000000002510000, 0x0000000003050000, 0x0000000011510000]
 total_blobs=3954 nmethods=3515 adapters=353
 compilation: enabled

Compilation events (10 events):
Event: 18.183 Thread 0x00000000148da800 nmethod 3713 0x0000000003043b50 code [0x0000000003043cc0, 0x0000000003043e68]
Event: 18.186 Thread 0x00000000148da800 3714       2       org.jetbrains.kotlin.com.intellij.psi.impl.source.tree.CompositeElement::getFirstChildNode (5 bytes)
Event: 18.186 Thread 0x00000000148da800 nmethod 3714 0x0000000003043f50 code [0x00000000030440c0, 0x0000000003044248]
Event: 18.190 Thread 0x00000000148da800 3715       2       org.jetbrains.kotlin.storage.LockBasedLazyResolveStorageManager::createLazyValueWithPostCompute (25 bytes)
Event: 18.191 Thread 0x00000000148da800 nmethod 3715 0x00000000030442d0 code [0x0000000003044440, 0x0000000003044648]
Event: 18.191 Thread 0x00000000148da800 3716       2       org.jetbrains.kotlin.com.google.common.collect.AbstractMapBasedMultimap::put (92 bytes)
Event: 18.192 Thread 0x00000000148da800 nmethod 3716 0x0000000003044750 code [0x0000000003044900, 0x0000000003044cb8]
Event: 18.192 Thread 0x00000000148da800 3717       2       org.jetbrains.kotlin.psi.psiUtil.KtPsiUtilKt::safeNameForLazyResolve (17 bytes)
Event: 18.192 Thread 0x00000000148da800 nmethod 3717 0x0000000003044e90 code [0x0000000003045020, 0x0000000003045258]
Event: 18.194 Thread 0x00000000148da800 3718       2       org.jetbrains.kotlin.psi.KtFile::getPackageFqName (26 bytes)

GC Heap History (10 events):
Event: 4.637 GC heap before
{Heap before GC invocations=6 (full 1):
 PSYoungGen      total 35328K, used 2549K [0x00000000eb200000, 0x00000000f0200000, 0x0000000100000000)
  eden space 32768K, 0% used [0x00000000eb200000,0x00000000eb200000,0x00000000ed200000)
  from space 2560K, 99% used [0x00000000ed200000,0x00000000ed47d550,0x00000000ed480000)
  to   space 8192K, 0% used [0x00000000efa00000,0x00000000efa00000,0x00000000f0200000)
 ParOldGen       total 44032K, used 15453K [0x00000000c1600000, 0x00000000c4100000, 0x00000000eb200000)
  object space 44032K, 35% used [0x00000000c1600000,0x00000000c25174e0,0x00000000c4100000)
 Metaspace       used 20778K, capacity 21170K, committed 21296K, reserved 1069056K
  class space    used 2449K, capacity 2589K, committed 2608K, reserved 1048576K
Event: 4.744 GC heap after
Heap after GC invocations=6 (full 1):
 PSYoungGen      total 35328K, used 0K [0x00000000eb200000, 0x00000000f0200000, 0x0000000100000000)
  eden space 32768K, 0% used [0x00000000eb200000,0x00000000eb200000,0x00000000ed200000)
  from space 2560K, 0% used [0x00000000ed200000,0x00000000ed200000,0x00000000ed480000)
  to   space 8192K, 0% used [0x00000000efa00000,0x00000000efa00000,0x00000000f0200000)
 ParOldGen       total 41472K, used 9227K [0x00000000c1600000, 0x00000000c3e80000, 0x00000000eb200000)
  object space 41472K, 22% used [0x00000000c1600000,0x00000000c1f02d90,0x00000000c3e80000)
 Metaspace       used 20778K, capacity 21170K, committed 21296K, reserved 1069056K
  class space    used 2449K, capacity 2589K, committed 2608K, reserved 1048576K
}
Event: 8.653 GC heap before
{Heap before GC invocations=7 (full 1):
 PSYoungGen      total 35328K, used 32768K [0x00000000eb200000, 0x00000000f0200000, 0x0000000100000000)
  eden space 32768K, 100% used [0x00000000eb200000,0x00000000ed200000,0x00000000ed200000)
  from space 2560K, 0% used [0x00000000ed200000,0x00000000ed200000,0x00000000ed480000)
  to   space 8192K, 0% used [0x00000000efa00000,0x00000000efa00000,0x00000000f0200000)
 ParOldGen       total 41472K, used 9227K [0x00000000c1600000, 0x00000000c3e80000, 0x00000000eb200000)
  object space 41472K, 22% used [0x00000000c1600000,0x00000000c1f02d90,0x00000000c3e80000)
 Metaspace       used 23705K, capacity 24110K, committed 24240K, reserved 1071104K
  class space    used 2831K, capacity 2988K, committed 2992K, reserved 1048576K
Event: 8.673 GC heap after
Heap after GC invocations=7 (full 1):
 PSYoungGen      total 52224K, used 7178K [0x00000000eb200000, 0x00000000f0180000, 0x0000000100000000)
  eden space 44544K, 0% used [0x00000000eb200000,0x00000000eb200000,0x00000000edd80000)
  from space 7680K, 93% used [0x00000000efa00000,0x00000000f0102a28,0x00000000f0180000)
  to   space 8704K, 0% used [0x00000000ef080000,0x00000000ef080000,0x00000000ef900000)
 ParOldGen       total 41472K, used 9235K [0x00000000c1600000, 0x00000000c3e80000, 0x00000000eb200000)
  object space 41472K, 22% used [0x00000000c1600000,0x00000000c1f04d90,0x00000000c3e80000)
 Metaspace       used 23705K, capacity 24110K, committed 24240K, reserved 1071104K
  class space    used 2831K, capacity 2988K, committed 2992K, reserved 1048576K
}
Event: 10.938 GC heap before
{Heap before GC invocations=8 (full 1):
 PSYoungGen      total 52224K, used 51722K [0x00000000eb200000, 0x00000000f0180000, 0x0000000100000000)
  eden space 44544K, 100% used [0x00000000eb200000,0x00000000edd80000,0x00000000edd80000)
  from space 7680K, 93% used [0x00000000efa00000,0x00000000f0102a28,0x00000000f0180000)
  to   space 8704K, 0% used [0x00000000ef080000,0x00000000ef080000,0x00000000ef900000)
 ParOldGen       total 41472K, used 9235K [0x00000000c1600000, 0x00000000c3e80000, 0x00000000eb200000)
  object space 41472K, 22% used [0x00000000c1600000,0x00000000c1f04d90,0x00000000c3e80000)
 Metaspace       used 31324K, capacity 31827K, committed 32048K, reserved 1077248K
  class space    used 3957K, capacity 4116K, committed 4144K, reserved 1048576K
Event: 10.967 GC heap after
Heap after GC invocations=8 (full 1):
 PSYoungGen      total 69632K, used 8674K [0x00000000eb200000, 0x00000000f0880000, 0x0000000100000000)
  eden space 60928K, 0% used [0x00000000eb200000,0x00000000eb200000,0x00000000eed80000)
  from space 8704K, 99% used [0x00000000ef080000,0x00000000ef8f8918,0x00000000ef900000)
  to   space 13824K, 0% used [0x00000000efb00000,0x00000000efb00000,0x00000000f0880000)
 ParOldGen       total 41472K, used 16950K [0x00000000c1600000, 0x00000000c3e80000, 0x00000000eb200000)
  object space 41472K, 40% used [0x00000000c1600000,0x00000000c268d9e0,0x00000000c3e80000)
 Metaspace       used 31324K, capacity 31827K, committed 32048K, reserved 1077248K
  class space    used 3957K, capacity 4116K, committed 4144K, reserved 1048576K
}
Event: 15.368 GC heap before
{Heap before GC invocations=9 (full 1):
 PSYoungGen      total 69632K, used 31088K [0x00000000eb200000, 0x00000000f0880000, 0x0000000100000000)
  eden space 60928K, 36% used [0x00000000eb200000,0x00000000ec7e3a10,0x00000000eed80000)
  from space 8704K, 99% used [0x00000000ef080000,0x00000000ef8f8918,0x00000000ef900000)
  to   space 13824K, 0% used [0x00000000efb00000,0x00000000efb00000,0x00000000f0880000)
 ParOldGen       total 41472K, used 16950K [0x00000000c1600000, 0x00000000c3e80000, 0x00000000eb200000)
  object space 41472K, 40% used [0x00000000c1600000,0x00000000c268d9e0,0x00000000c3e80000)
 Metaspace       used 34823K, capacity 35287K, committed 35496K, reserved 1081344K
  class space    used 4382K, capacity 4514K, committed 4528K, reserved 1048576K
Event: 15.429 GC heap after
Heap after GC invocations=9 (full 1):
 PSYoungGen      total 72704K, used 13502K [0x00000000eb200000, 0x00000000f2280000, 0x0000000100000000)
  eden space 58880K, 0% used [0x00000000eb200000,0x00000000eb200000,0x00000000eeb80000)
  from space 13824K, 97% used [0x00000000efb00000,0x00000000f082f9b0,0x00000000f0880000)
  to   space 15872K, 0% used [0x00000000eeb80000,0x00000000eeb80000,0x00000000efb00000)
 ParOldGen       total 41472K, used 16958K [0x00000000c1600000, 0x00000000c3e80000, 0x00000000eb200000)
  object space 41472K, 40% used [0x00000000c1600000,0x00000000c268f9e0,0x00000000c3e80000)
 Metaspace       used 34823K, capacity 35287K, committed 35496K, reserved 1081344K
  class space    used 4382K, capacity 4514K, committed 4528K, reserved 1048576K
}
Event: 15.429 GC heap before
{Heap before GC invocations=10 (full 2):
 PSYoungGen      total 72704K, used 13502K [0x00000000eb200000, 0x00000000f2280000, 0x0000000100000000)
  eden space 58880K, 0% used [0x00000000eb200000,0x00000000eb200000,0x00000000eeb80000)
  from space 13824K, 97% used [0x00000000efb00000,0x00000000f082f9b0,0x00000000f0880000)
  to   space 15872K, 0% used [0x00000000eeb80000,0x00000000eeb80000,0x00000000efb00000)
 ParOldGen       total 41472K, used 16958K [0x00000000c1600000, 0x00000000c3e80000, 0x00000000eb200000)
  object space 41472K, 40% used [0x00000000c1600000,0x00000000c268f9e0,0x00000000c3e80000)
 Metaspace       used 34823K, capacity 35287K, committed 35496K, reserved 1081344K
  class space    used 4382K, capacity 4514K, committed 4528K, reserved 1048576K
Event: 15.676 GC heap after
Heap after GC invocations=10 (full 2):
 PSYoungGen      total 72704K, used 0K [0x00000000eb200000, 0x00000000f2280000, 0x0000000100000000)
  eden space 58880K, 0% used [0x00000000eb200000,0x00000000eb200000,0x00000000eeb80000)
  from space 13824K, 0% used [0x00000000efb00000,0x00000000efb00000,0x00000000f0880000)
  to   space 15872K, 0% used [0x00000000eeb80000,0x00000000eeb80000,0x00000000efb00000)
 ParOldGen       total 41472K, used 19190K [0x00000000c1600000, 0x00000000c3e80000, 0x00000000eb200000)
  object space 41472K, 46% used [0x00000000c1600000,0x00000000c28bdae0,0x00000000c3e80000)
 Metaspace       used 34823K, capacity 35287K, committed 35496K, reserved 1081344K
  class space    used 4382K, capacity 4514K, committed 4528K, reserved 1048576K
}

Deoptimization events (10 events):
Event: 16.231 Thread 0x000000000240e000 Uncommon trap: reason=bimorphic action=maybe_recompile pc=0x0000000002b77188 method=org.jetbrains.kotlin.protobuf.CodedInputStream.tryRefillBuffer(I)Z @ 177
Event: 16.236 Thread 0x000000000240e000 Uncommon trap: reason=bimorphic action=maybe_recompile pc=0x0000000002b77188 method=org.jetbrains.kotlin.protobuf.CodedInputStream.tryRefillBuffer(I)Z @ 177
Event: 16.248 Thread 0x000000000240e000 Uncommon trap: reason=bimorphic action=maybe_recompile pc=0x0000000002b77188 method=org.jetbrains.kotlin.protobuf.CodedInputStream.tryRefillBuffer(I)Z @ 177
Event: 16.899 Thread 0x000000000240e000 Uncommon trap: reason=unstable_if action=reinterpret pc=0x0000000002ef09e0 method=java.text.StringCharacterIterator.current()C @ 19
Event: 17.628 Thread 0x000000000240e000 Uncommon trap: reason=class_check action=maybe_recompile pc=0x0000000002f68b8c method=org.jetbrains.kotlin.load.java.structure.impl.classFiles.BinaryClassSignatureParser.parseParameterizedClassRefSignature(Ljava/text/CharacterIterator;Lorg/jetbrains/kotli
Event: 17.628 Thread 0x000000000240e000 Uncommon trap: reason=class_check action=maybe_recompile pc=0x0000000002f68b8c method=org.jetbrains.kotlin.load.java.structure.impl.classFiles.BinaryClassSignatureParser.parseParameterizedClassRefSignature(Ljava/text/CharacterIterator;Lorg/jetbrains/kotli
Event: 17.628 Thread 0x000000000240e000 Uncommon trap: reason=class_check action=maybe_recompile pc=0x0000000002f68b8c method=org.jetbrains.kotlin.load.java.structure.impl.classFiles.BinaryClassSignatureParser.parseParameterizedClassRefSignature(Ljava/text/CharacterIterator;Lorg/jetbrains/kotli
Event: 17.628 Thread 0x000000000240e000 Uncommon trap: reason=class_check action=maybe_recompile pc=0x0000000002f68b8c method=org.jetbrains.kotlin.load.java.structure.impl.classFiles.BinaryClassSignatureParser.parseParameterizedClassRefSignature(Ljava/text/CharacterIterator;Lorg/jetbrains/kotli
Event: 18.085 Thread 0x000000000240e000 Uncommon trap: reason=unstable_if action=reinterpret pc=0x0000000002b7aad4 method=org.jetbrains.kotlin.protobuf.CodedInputStream.readRawVarint32()I @ 69
Event: 18.085 Thread 0x000000000240e000 Uncommon trap: reason=unstable_if action=reinterpret pc=0x000000000294a448 method=org.jetbrains.kotlin.protobuf.CodedOutputStream.computeRawVarint32Size(I)I @ 14

Classes redefined (0 events):
No events

Internal exceptions (10 events):
Event: 3.838 Thread 0x000000000240e000 Exception <a 'java/lang/NoSuchMethodError': java.lang.Object.lambda$static$0()J> (0x00000000eb517238) thrown at [D:\src\AOSP-openjdk-cygwin\jdk8u\hotspot\src\share\vm\interpreter\linkResolver.cpp, line 620]
Event: 4.251 Thread 0x000000000240e000 Exception <a 'java/lang/NoSuchMethodError': java.lang.Object.lambda$static$0(I)[Lorg/jetbrains/kotlin/com/intellij/openapi/editor/event/DocumentListener;> (0x00000000ebc87f78) thrown at [D:\src\AOSP-openjdk-cygwin\jdk8u\hotspot\src\share\vm\interpreter\li
Event: 4.386 Thread 0x000000000240e000 Exception <a 'java/lang/NoSuchMethodError': java.lang.Object.lambda$static$0(I)[Lorg/jetbrains/kotlin/com/intellij/psi/PsiAnnotation;> (0x00000000ebe92570) thrown at [D:\src\AOSP-openjdk-cygwin\jdk8u\hotspot\src\share\vm\interpreter\linkResolver.cpp, line
Event: 4.596 Thread 0x000000000240e000 Exception <a 'java/lang/NoSuchMethodError': java.lang.Object.lambda$static$0(I)[Lorg/jetbrains/kotlin/com/intellij/psi/PsiElement;> (0x00000000ec3d7f78) thrown at [D:\src\AOSP-openjdk-cygwin\jdk8u\hotspot\src\share\vm\interpreter\linkResolver.cpp, line 62
Event: 9.932 Thread 0x000000000240e000 Exception <a 'java/lang/ArrayIndexOutOfBoundsException': 126> (0x00000000ec2e2948) thrown at [D:\src\AOSP-openjdk-cygwin\jdk8u\hotspot\src\share\vm\interpreter\interpreterRuntime.cpp, line 368]
Event: 9.933 Thread 0x000000000240e000 Exception <a 'java/lang/ArrayIndexOutOfBoundsException': 86> (0x00000000ec2e3dd0) thrown at [D:\src\AOSP-openjdk-cygwin\jdk8u\hotspot\src\share\vm\interpreter\interpreterRuntime.cpp, line 368]
Event: 13.895 Thread 0x000000000240e000 Exception <a 'java/lang/NoSuchMethodError': java.lang.Object.lambda$static$0(I)[Lorg/jetbrains/kotlin/psi/KtExpression;> (0x00000000ec212728) thrown at [D:\src\AOSP-openjdk-cygwin\jdk8u\hotspot\src\share\vm\interpreter\linkResolver.cpp, line 620]
Event: 15.780 Thread 0x000000000240e000 Exception <a 'java/lang/NoSuchMethodError': java.lang.Object.lambda$static$0(I)[Lorg/jetbrains/kotlin/psi/KtDeclaration;> (0x00000000eb371d68) thrown at [D:\src\AOSP-openjdk-cygwin\jdk8u\hotspot\src\share\vm\interpreter\linkResolver.cpp, line 620]
Event: 15.879 Thread 0x000000000240e000 Exception <a 'java/lang/NoSuchMethodError': java.lang.Object.lambda$static$0(I)[Lorg/jetbrains/kotlin/psi/KtTypeElement;> (0x00000000eb516600) thrown at [D:\src\AOSP-openjdk-cygwin\jdk8u\hotspot\src\share\vm\interpreter\linkResolver.cpp, line 620]
Event: 17.711 Thread 0x000000000240e000 Exception <a 'java/lang/NoSuchMethodError': java.lang.Object.lambda$static$0(I)[Lorg/jetbrains/kotlin/com/intellij/psi/PsiClass;> (0x00000000edb3ffb0) thrown at [D:\src\AOSP-openjdk-cygwin\jdk8u\hotspot\src\share\vm\interpreter\linkResolver.cpp, line 620]

Events (10 events):
Event: 18.142 loading class org/jetbrains/kotlin/types/model/TypeSystemContext$DefaultImpls
Event: 18.142 loading class org/jetbrains/kotlin/types/model/TypeSystemContext$DefaultImpls done
Event: 18.144 loading class org/jetbrains/kotlin/types/StubType
Event: 18.144 loading class org/jetbrains/kotlin/types/StubType done
Event: 18.145 loading class org/jetbrains/kotlin/types/checker/NewCapturedType
Event: 18.145 loading class org/jetbrains/kotlin/types/checker/NewCapturedType done
Event: 18.146 loading class org/jetbrains/kotlin/types/AbstractNullabilityChecker
Event: 18.146 loading class org/jetbrains/kotlin/types/AbstractNullabilityChecker done
Event: 18.149 loading class org/jetbrains/kotlin/resolve/constants/IntegerLiteralTypeConstructor
Event: 18.149 loading class org/jetbrains/kotlin/resolve/constants/IntegerLiteralTypeConstructor done


Dynamic libraries:
0x00007ff6e3b10000 - 0x00007ff6e3b41000 	C:\Program Files\Java\jdk-8\jre\bin\java.exe
0x00007ff83dd50000 - 0x00007ff83df21000 	C:\WINDOWS\SYSTEM32\ntdll.dll
0x00007ff83d0f0000 - 0x00007ff83d19b000 	C:\WINDOWS\System32\KERNEL32.DLL
0x00007ff83af90000 - 0x00007ff83b1ad000 	C:\WINDOWS\System32\KERNELBASE.dll
0x00007ff83cbb0000 - 0x00007ff83cc52000 	C:\WINDOWS\System32\ADVAPI32.dll
0x00007ff83c960000 - 0x00007ff83c9fe000 	C:\WINDOWS\System32\msvcrt.dll
0x00007ff83d090000 - 0x00007ff83d0e9000 	C:\WINDOWS\System32\sechost.dll
0x00007ff83dc20000 - 0x00007ff83dd41000 	C:\WINDOWS\System32\RPCRT4.dll
0x00007ff83ccd0000 - 0x00007ff83ce35000 	C:\WINDOWS\System32\USER32.dll
0x00007ff83ae70000 - 0x00007ff83ae8e000 	C:\WINDOWS\System32\win32u.dll
0x00007ff83d470000 - 0x00007ff83d4a4000 	C:\WINDOWS\System32\GDI32.dll
0x00007ff83ab10000 - 0x00007ff83ac92000 	C:\WINDOWS\System32\gdi32full.dll
0x00007ff836d40000 - 0x00007ff836fb9000 	C:\WINDOWS\WinSxS\amd64_microsoft.windows.common-controls_6595b64144ccf1df_6.0.14393.0_none_2d0f50fcbdb171b8\COMCTL32.dll
0x00007ff83d1a0000 - 0x00007ff83d467000 	C:\WINDOWS\System32\combase.dll
0x00007ff83ae90000 - 0x00007ff83af85000 	C:\WINDOWS\System32\ucrtbase.dll
0x00007ff83aaa0000 - 0x00007ff83ab0a000 	C:\WINDOWS\System32\bcryptPrimitives.dll
0x00007ff83c8d0000 - 0x00007ff83c8fe000 	C:\WINDOWS\System32\IMM32.DLL
0x0000000071d80000 - 0x0000000071e52000 	C:\Program Files\Java\jdk-8\jre\bin\msvcr100.dll
0x0000000071530000 - 0x0000000071d76000 	C:\Program Files\Java\jdk-8\jre\bin\server\jvm.dll
0x00007ff83ce40000 - 0x00007ff83ce48000 	C:\WINDOWS\System32\PSAPI.DLL
0x00007ff82b0e0000 - 0x00007ff82b0e9000 	C:\WINDOWS\SYSTEM32\WSOCK32.dll
0x00007ff838770000 - 0x00007ff838793000 	C:\WINDOWS\SYSTEM32\WINMM.dll
0x00007ff83ca00000 - 0x00007ff83ca6a000 	C:\WINDOWS\System32\WS2_32.dll
0x00007ff8321d0000 - 0x00007ff8321da000 	C:\WINDOWS\SYSTEM32\VERSION.dll
0x0000000000a40000 - 0x0000000000a6b000 	C:\WINDOWS\SYSTEM32\WINMMBASE.dll
0x00007ff83a9a0000 - 0x00007ff83a9e2000 	C:\WINDOWS\System32\cfgmgr32.dll
0x00007ff837620000 - 0x00007ff83762f000 	C:\Program Files\Java\jdk-8\jre\bin\verify.dll
0x00007ff818e10000 - 0x00007ff818e39000 	C:\Program Files\Java\jdk-8\jre\bin\java.dll
0x00007ff834ec0000 - 0x00007ff834ed6000 	C:\Program Files\Java\jdk-8\jre\bin\zip.dll
0x00007ff83b3c0000 - 0x00007ff83c8c8000 	C:\WINDOWS\System32\SHELL32.dll
0x00007ff83a2c0000 - 0x00007ff83a99a000 	C:\WINDOWS\System32\windows.storage.dll
0x00007ff83a260000 - 0x00007ff83a2ac000 	C:\WINDOWS\System32\powrprof.dll
0x00007ff83d680000 - 0x00007ff83d6d2000 	C:\WINDOWS\System32\shlwapi.dll
0x00007ff83a250000 - 0x00007ff83a25f000 	C:\WINDOWS\System32\kernel.appcore.dll
0x00007ff83a9f0000 - 0x00007ff83aa99000 	C:\WINDOWS\System32\shcore.dll
0x00007ff83a230000 - 0x00007ff83a244000 	C:\WINDOWS\System32\profapi.dll
0x00007ff8348a0000 - 0x00007ff8348ba000 	C:\Program Files\Java\jdk-8\jre\bin\net.dll
0x00007ff839b00000 - 0x00007ff839b5c000 	C:\WINDOWS\system32\mswsock.dll
0x00007ff832200000 - 0x00007ff832211000 	C:\Program Files\Java\jdk-8\jre\bin\nio.dll

VM Arguments:
java_command: org.jetbrains.kotlin.cli.jvm.K2JVMCompiler -Xallow-no-source-files -classpath E:\Data\Dicoding\Fundamental Android\GithubUserAppFinal\app\build\intermediates\compile_and_runtime_not_namespaced_r_class_jar\debug\R.jar;C:\Users\Vidi Fitriansyah H\.gradle\caches\transforms-2\files-2.1\54eb052f7d6a37df99ee1d16a69605ef\jetified-kotlin-android-extensions-runtime-1.3.61.jar;C:\Users\Vidi Fitriansyah H\.gradle\caches\transforms-2\files-2.1\c4d85d27200353a0bda56fcbf26cb4ce\jetified-kotlin-stdlib-jdk7-1.3.61.jar;C:\Users\Vidi Fitriansyah H\.gradle\caches\transforms-2\files-2.1\bcbddf1772ea2f6eb117f26a4d4e1008\jetified-core-ktx-1.3.2-api.jar;C:\Users\Vidi Fitriansyah H\.gradle\caches\transforms-2\files-2.1\87ca9614922a245244174d6119c1ee89\jetified-kotlinx-coroutines-android-1.3.0.jar;C:\Users\Vidi Fitriansyah H\.gradle\caches\transforms-2\files-2.1\9b2e937052288ea35961f9108163907d\jetified-kotlinx-coroutines-core-1.3.2.jar;C:\Users\Vidi Fitriansyah H\.gradle\caches\transforms-2\files-2.1\7a729b8a8436f7bcb62a7842e04be994\jetified-kotlin-stdlib-1.3.71.jar;C:\Users\Vidi Fitriansyah H\.gradle\caches\transforms-2\files-2.1\69a8d6f9e9c0ac79687a98d60aaed2b0\jetified-kotlin-stdlib-common-1.3.71.jar;C:\Users\Vidi Fitriansyah H\.gradle\caches\transforms-2\files-2.1\100416b2bb9a8bed6a11b11aa4ba4826\jetified-annotations-13.0.jar;C:\Users\Vidi Fitriansyah H\.gradle\caches\transforms-2\files-2.1\8f47d730150059818ed593efbc8308d0\constraintlayout-2.0.4-api.jar;C:\Users\Vidi Fitriansyah H\.gradle\caches\transforms-2\files-2.1\a544a2791fbfd630205b2a9566eee612\navigation-ui-2.3.1-api.jar;C:\Users\Vidi Fitriansyah H\.gradle\caches\transforms-2\files-2.1\b856dfc579b4edbefc4fde2e139834fd\material-1.2.1-api.jar;C:\Users\Vidi Fitriansyah H\.gradle\caches\transforms-2\files-2.1\90a8d182daab973185b86222d019cb96\preference-1.1.1-api.jar;C:\Users\Vidi Fitriansyah H\.gradle\caches\transforms-2\files-2.1\ee0e064c473d69b6425f6fae3f00a27f\appcompat-1.2.0-api.jar;C:\Users\Vidi Fitriansyah H\.g
java_class_path (initial): C:\Users\Vidi Fitriansyah H\.gradle\caches\modules-2\files-2.1\org.jetbrains.kotlin\kotlin-compiler-embeddable\1.3.61\c35c0833d5a1e3d229359758482c480306724618\kotlin-compiler-embeddable-1.3.61.jar;C:\Users\Vidi Fitriansyah H\.gradle\caches\modules-2\files-2.1\org.jetbrains.kotlin\kotlin-reflect\1.3.61\2e07c9a84c9e118efb70eede7e579fd663932122\kotlin-reflect-1.3.61.jar;C:\Users\Vidi Fitriansyah H\.gradle\caches\modules-2\files-2.1\org.jetbrains.kotlin\kotlin-stdlib\1.3.61\4702105e97f7396ae41b113fdbdc180ec1eb1e36\kotlin-stdlib-1.3.61.jar;C:\Users\Vidi Fitriansyah H\.gradle\caches\modules-2\files-2.1\org.jetbrains.kotlin\kotlin-script-runtime\1.3.61\e5feb39c8de63dcbdc1154b34ca4413874231605\kotlin-script-runtime-1.3.61.jar;C:\Users\Vidi Fitriansyah H\.gradle\caches\modules-2\files-2.1\org.jetbrains.kotlin\kotlin-daemon-embeddable\1.3.61\4de83e41a92c8395d89ab2e81d26b788ba163824\kotlin-daemon-embeddable-1.3.61.jar;C:\Users\Vidi Fitriansyah H\.gradle\caches\modules-2\files-2.1\org.jetbrains.intellij.deps\trove4j\1.0.20181211\216c2e14b070f334479d800987affe4054cd563f\trove4j-1.0.20181211.jar;C:\Users\Vidi Fitriansyah H\.gradle\caches\modules-2\files-2.1\org.jetbrains.kotlin\kotlin-stdlib-common\1.3.61\65abb71d5afb850b68be03987b08e2c864ca3110\kotlin-stdlib-common-1.3.61.jar;C:\Users\Vidi Fitriansyah H\.gradle\caches\modules-2\files-2.1\org.jetbrains\annotations\13.0\919f0dfe192fb4e063e7dacadee7f8bb9a2672a9\annotations-13.0.jar;C:\Program Files\Java\jdk-8\lib\tools.jar
Launcher Type: SUN_STANDARD

Environment Variables:
JAVA_HOME=C:\Program Files\Java\jdk-8
PATH=C:\Program Files (x86)\Common Files\Oracle\Java\javapath;C:\adb\adb_win_v1.0.26;C:\adb\adb_win_v1.0.26;C:\Program Files\Common Files\Microsoft Shared\Windows Live;C:\Program Files (x86)\Common Files\Microsoft Shared\Windows Live;C:\WINDOWS\system32;C:\WINDOWS;C:\WINDOWS\System32\Wbem;C:\WINDOWS\System32\WindowsPowerShell\v1.0\;C:\Program Files (x86)\Windows Live\Shared;C:\Program Files (x86)\MATLAB\R2009a\bin;C:\Program Files (x86)\MATLAB\R2009a\bin\win32;C:\Program Files (x86)\Common Files\lenovo\easyplussdk\bin;C:\Users\Vidi Fitriansyah H\AppData\Local\Programs\Python\Python36\Scripts;C:\Users\Vidi Fitriansyah H\AppData\Local\Programs\Python\Python36;C:\Python27;C:\Python37\Scripts;C:\Users\Vidi Fitriansyah H\AppData\Local\Microsoft\WindowsApps;C:\Program Files (x86)\IVI Foundation\VISA\WinNT\Bin\;C:\Program Files\IVI Foundation\VISA\Win64\Bin\;C:\Program Files (x86)\IVI Foundation\VISA\WinNT\Bin;C:\gradle\gradle-5.4.1\bin;%JAVA_HOME%\bin;C:\Program Files\Git\cmd;C:\Users\Vidi Fitriansyah H\AppData\Local\Microsoft\WindowsApps;;C:\Program Files\Microsoft VS Code\bin
USERNAME=Vidi Fitriansyah H
OS=Windows_NT
PROCESSOR_IDENTIFIER=Intel64 Family 6 Model 61 Stepping 4, GenuineIntel



---------------  S Y S T E M  ---------------

OS: Windows 10.0 , 64 bit Build 14393 (10.0.14393.0)

CPU:total 2 (initial active 2) (2 cores per cpu, 1 threads per core) family 6 model 61 stepping 4, cmov, cx8, fxsr, mmx, sse, sse2, sse3, ssse3, sse4.1, sse4.2, popcnt, clmul, erms, 3dnowpref, lzcnt, tsc, tscinvbit

Memory: 4k page, physical 4103692k(673408k free), swap 8224268k(5540k free)

vm_info: OpenJDK 64-Bit Server VM (25.202-b03) for windows-amd64 JRE (1.8.0_202-release-1483-b03), built by "builder" with MS VC++ 10.0 (VS2010)

time: Thu Nov 19 11:48:58 2020
timezone: SE Asia Standard Time
elapsed time: 18 seconds (0d 0h 0m 18s)

